<?xml version="1.0" encoding="UTF-8"?>
<!-- Generated by org.testng.reporters.JUnitXMLReporter -->
<testsuite hostname="jaydeep-pc" ignored="0" name="Test" tests="4" failures="0" timestamp="02 Nov 2019 04:57:42 GMT" time="40.147" errors="0">
  <testcase name="@BeforeClass launchApp" time="39.882" classname="com.vtiger.tests.loginTest">
    <failure type="java.lang.StackOverflowError">
      <![CDATA[java.lang.StackOverflowError
at java.io.WinNTFileSystem.normalizePrefix(WinNTFileSystem.java:186)
at java.io.WinNTFileSystem.normalize(WinNTFileSystem.java:111)
at java.io.WinNTFileSystem.normalize(WinNTFileSystem.java:93)
at java.io.File.<init>(File.java:279)
at java.io.FilePermission$1.run(FilePermission.java:215)
at java.io.FilePermission$1.run(FilePermission.java:203)
at java.security.AccessController.doPrivileged(Native Method)
at java.io.FilePermission.init(FilePermission.java:203)
at java.io.FilePermission.<init>(FilePermission.java:277)
at sun.net.www.protocol.file.FileURLConnection.getPermission(FileURLConnection.java:228)
at sun.net.www.protocol.jar.JarFileFactory.getPermission(JarFileFactory.java:166)
at sun.net.www.protocol.jar.JarFileFactory.getCachedJarFile(JarFileFactory.java:136)
at sun.net.www.protocol.jar.JarFileFactory.get(JarFileFactory.java:91)
at sun.net.www.protocol.jar.JarURLConnection.connect(JarURLConnection.java:122)
at sun.net.www.protocol.jar.JarURLConnection.getInputStream(JarURLConnection.java:152)
at java.net.URLClassLoader.getResourceAsStream(URLClassLoader.java:238)
at com.relevantcodes.extentreports.support.Resources.getText(Resources.java:19)
at com.relevantcodes.extentreports.ReportInstance.initialize(ReportInstance.java:152)
at com.relevantcodes.extentreports.ExtentReports.<init>(ExtentReports.java:45)
at com.relevantcodes.extentreports.ExtentReports.<init>(ExtentReports.java:109)
at com.vtiger.common.CommonFunction.setupResult(CommonFunction.java:25)
at com.vtiger.tests.baseTest.createtestReport(baseTest.java:36)
at com.vtiger.tests.loginTest.launchApp(loginTest.java:19)
at com.vtiger.tests.loginTest.launchApp(loginTest.java:20)
at com.vtiger.tests.loginTest.launchApp(loginTest.java:20)
at com.vtiger.tests.loginTest.launchApp(loginTest.java:20)
at com.vtiger.tests.loginTest.launchApp(loginTest.java:20)
at com.vtiger.tests.loginTest.launchApp(loginTest.java:20)
at com.vtiger.tests.loginTest.launchApp(loginTest.java:20)
at com.vtiger.tests.loginTest.launchApp(loginTest.java:20)
at com.vtiger.tests.loginTest.launchApp(loginTest.java:20)
at com.vtiger.tests.loginTest.launchApp(loginTest.java:20)
at com.vtiger.tests.loginTest.launchApp(loginTest.java:20)
at com.vtiger.tests.loginTest.launchApp(loginTest.java:20)
at com.vtiger.tests.loginTest.launchApp(loginTest.java:20)
at com.vtiger.tests.loginTest.launchApp(loginTest.java:20)
at com.vtiger.tests.loginTest.launchApp(loginTest.java:20)
at com.vtiger.tests.loginTest.launchApp(loginTest.java:20)
at com.vtiger.tests.loginTest.launchApp(loginTest.java:20)
at com.vtiger.tests.loginTest.launchApp(loginTest.java:20)
at com.vtiger.tests.loginTest.launchApp(loginTest.java:20)
at com.vtiger.tests.loginTest.launchApp(loginTest.java:20)
at com.vtiger.tests.loginTest.launchApp(loginTest.java:20)
at com.vtiger.tests.loginTest.launchApp(loginTest.java:20)
at com.vtiger.tests.loginTest.launchApp(loginTest.java:20)
at com.vtiger.tests.loginTest.launchApp(loginTest.java:20)
at com.vtiger.tests.loginTest.launchApp(loginTest.java:20)
at com.vtiger.tests.loginTest.launchApp(loginTest.java:20)
at com.vtiger.tests.loginTest.launchApp(loginTest.java:20)
at com.vtiger.tests.loginTest.launchApp(loginTest.java:20)
at com.vtiger.tests.loginTest.launchApp(loginTest.java:20)
at com.vtiger.tests.loginTest.launchApp(loginTest.java:20)
at com.vtiger.tests.loginTest.launchApp(loginTest.java:20)
at com.vtiger.tests.loginTest.launchApp(loginTest.java:20)
at com.vtiger.tests.loginTest.launchApp(loginTest.java:20)
at com.vtiger.tests.loginTest.launchApp(loginTest.java:20)
at com.vtiger.tests.loginTest.launchApp(loginTest.java:20)
at com.vtiger.tests.loginTest.launchApp(loginTest.java:20)
at com.vtiger.tests.loginTest.launchApp(loginTest.java:20)
at com.vtiger.tests.loginTest.launchApp(loginTest.java:20)
at com.vtiger.tests.loginTest.launchApp(loginTest.java:20)
at com.vtiger.tests.loginTest.launchApp(loginTest.java:20)
at com.vtiger.tests.loginTest.launchApp(loginTest.java:20)
at com.vtiger.tests.loginTest.launchApp(loginTest.java:20)
at com.vtiger.tests.loginTest.launchApp(loginTest.java:20)
at com.vtiger.tests.loginTest.launchApp(loginTest.java:20)
at com.vtiger.tests.loginTest.launchApp(loginTest.java:20)
at com.vtiger.tests.loginTest.launchApp(loginTest.java:20)
at com.vtiger.tests.loginTest.launchApp(loginTest.java:20)
at com.vtiger.tests.loginTest.launchApp(loginTest.java:20)
at com.vtiger.tests.loginTest.launchApp(loginTest.java:20)
at com.vtiger.tests.loginTest.launchApp(loginTest.java:20)
at com.vtiger.tests.loginTest.launchApp(loginTest.java:20)
at com.vtiger.tests.loginTest.launchApp(loginTest.java:20)
at com.vtiger.tests.loginTest.launchApp(loginTest.java:20)
at com.vtiger.tests.loginTest.launchApp(loginTest.java:20)
at com.vtiger.tests.loginTest.launchApp(loginTest.java:20)
at com.vtiger.tests.loginTest.launchApp(loginTest.java:20)
at com.vtiger.tests.loginTest.launchApp(loginTest.java:20)
at com.vtiger.tests.loginTest.launchApp(loginTest.java:20)
at com.vtiger.tests.loginTest.launchApp(loginTest.java:20)
at com.vtiger.tests.loginTest.launchApp(loginTest.java:20)
at com.vtiger.tests.loginTest.launchApp(loginTest.java:20)
at com.vtiger.tests.loginTest.launchApp(loginTest.java:20)
at com.vtiger.tests.loginTest.launchApp(loginTest.java:20)
at com.vtiger.tests.loginTest.launchApp(loginTest.java:20)
at com.vtiger.tests.loginTest.launchApp(loginTest.java:20)
at com.vtiger.tests.loginTest.launchApp(loginTest.java:20)
at com.vtiger.tests.loginTest.launchApp(loginTest.java:20)
at com.vtiger.tests.loginTest.launchApp(loginTest.java:20)
at com.vtiger.tests.loginTest.launchApp(loginTest.java:20)
at com.vtiger.tests.loginTest.launchApp(loginTest.java:20)
at com.vtiger.tests.loginTest.launchApp(loginTest.java:20)
at com.vtiger.tests.loginTest.launchApp(loginTest.java:20)
at com.vtiger.tests.loginTest.launchApp(loginTest.java:20)
at com.vtiger.tests.loginTest.launchApp(loginTest.java:20)
at com.vtiger.tests.loginTest.launchApp(loginTest.java:20)
at com.vtiger.tests.loginTest.launchApp(loginTest.java:20)
at com.vtiger.tests.loginTest.launchApp(loginTest.java:20)
at com.vtiger.tests.loginTest.launchApp(loginTest.java:20)
at com.vtiger.tests.loginTest.launchApp(loginTest.java:20)
at com.vtiger.tests.loginTest.launchApp(loginTest.java:20)
at com.vtiger.tests.loginTest.launchApp(loginTest.java:20)
at com.vtiger.tests.loginTest.launchApp(loginTest.java:20)
at com.vtiger.tests.loginTest.launchApp(loginTest.java:20)
at com.vtiger.tests.loginTest.launchApp(loginTest.java:20)
at com.vtiger.tests.loginTest.launchApp(loginTest.java:20)
at com.vtiger.tests.loginTest.launchApp(loginTest.java:20)
at com.vtiger.tests.loginTest.launchApp(loginTest.java:20)
at com.vtiger.tests.loginTest.launchApp(loginTest.java:20)
at com.vtiger.tests.loginTest.launchApp(loginTest.java:20)
at com.vtiger.tests.loginTest.launchApp(loginTest.java:20)
at com.vtiger.tests.loginTest.launchApp(loginTest.java:20)
at com.vtiger.tests.loginTest.launchApp(loginTest.java:20)
at com.vtiger.tests.loginTest.launchApp(loginTest.java:20)
at com.vtiger.tests.loginTest.launchApp(loginTest.java:20)
at com.vtiger.tests.loginTest.launchApp(loginTest.java:20)
at com.vtiger.tests.loginTest.launchApp(loginTest.java:20)
at com.vtiger.tests.loginTest.launchApp(loginTest.java:20)
at com.vtiger.tests.loginTest.launchApp(loginTest.java:20)
at com.vtiger.tests.loginTest.launchApp(loginTest.java:20)
at com.vtiger.tests.loginTest.launchApp(loginTest.java:20)
at com.vtiger.tests.loginTest.launchApp(loginTest.java:20)
at com.vtiger.tests.loginTest.launchApp(loginTest.java:20)
at com.vtiger.tests.loginTest.launchApp(loginTest.java:20)
at com.vtiger.tests.loginTest.launchApp(loginTest.java:20)
at com.vtiger.tests.loginTest.launchApp(loginTest.java:20)
at com.vtiger.tests.loginTest.launchApp(loginTest.java:20)
at com.vtiger.tests.loginTest.launchApp(loginTest.java:20)
at com.vtiger.tests.loginTest.launchApp(loginTest.java:20)
at com.vtiger.tests.loginTest.launchApp(loginTest.java:20)
at com.vtiger.tests.loginTest.launchApp(loginTest.java:20)
at com.vtiger.tests.loginTest.launchApp(loginTest.java:20)
at com.vtiger.tests.loginTest.launchApp(loginTest.java:20)
at com.vtiger.tests.loginTest.launchApp(loginTest.java:20)
at com.vtiger.tests.loginTest.launchApp(loginTest.java:20)
at com.vtiger.tests.loginTest.launchApp(loginTest.java:20)
at com.vtiger.tests.loginTest.launchApp(loginTest.java:20)
at com.vtiger.tests.loginTest.launchApp(loginTest.java:20)
at com.vtiger.tests.loginTest.launchApp(loginTest.java:20)
at com.vtiger.tests.loginTest.launchApp(loginTest.java:20)
at com.vtiger.tests.loginTest.launchApp(loginTest.java:20)
at com.vtiger.tests.loginTest.launchApp(loginTest.java:20)
at com.vtiger.tests.loginTest.launchApp(loginTest.java:20)
at com.vtiger.tests.loginTest.launchApp(loginTest.java:20)
at com.vtiger.tests.loginTest.launchApp(loginTest.java:20)
at com.vtiger.tests.loginTest.launchApp(loginTest.java:20)
at com.vtiger.tests.loginTest.launchApp(loginTest.java:20)
at com.vtiger.tests.loginTest.launchApp(loginTest.java:20)
at com.vtiger.tests.loginTest.launchApp(loginTest.java:20)
at com.vtiger.tests.loginTest.launchApp(loginTest.java:20)
at com.vtiger.tests.loginTest.launchApp(loginTest.java:20)
at com.vtiger.tests.loginTest.launchApp(loginTest.java:20)
at com.vtiger.tests.loginTest.launchApp(loginTest.java:20)
at com.vtiger.tests.loginTest.launchApp(loginTest.java:20)
at com.vtiger.tests.loginTest.launchApp(loginTest.java:20)
at com.vtiger.tests.loginTest.launchApp(loginTest.java:20)
at com.vtiger.tests.loginTest.launchApp(loginTest.java:20)
at com.vtiger.tests.loginTest.launchApp(loginTest.java:20)
at com.vtiger.tests.loginTest.launchApp(loginTest.java:20)
at com.vtiger.tests.loginTest.launchApp(loginTest.java:20)
at com.vtiger.tests.loginTest.launchApp(loginTest.java:20)
at com.vtiger.tests.loginTest.launchApp(loginTest.java:20)
at com.vtiger.tests.loginTest.launchApp(loginTest.java:20)
at com.vtiger.tests.loginTest.launchApp(loginTest.java:20)
at com.vtiger.tests.loginTest.launchApp(loginTest.java:20)
at com.vtiger.tests.loginTest.launchApp(loginTest.java:20)
at com.vtiger.tests.loginTest.launchApp(loginTest.java:20)
at com.vtiger.tests.loginTest.launchApp(loginTest.java:20)
at com.vtiger.tests.loginTest.launchApp(loginTest.java:20)
at com.vtiger.tests.loginTest.launchApp(loginTest.java:20)
at com.vtiger.tests.loginTest.launchApp(loginTest.java:20)
at com.vtiger.tests.loginTest.launchApp(loginTest.java:20)
at com.vtiger.tests.loginTest.launchApp(loginTest.java:20)
at com.vtiger.tests.loginTest.launchApp(loginTest.java:20)
at com.vtiger.tests.loginTest.launchApp(loginTest.java:20)
at com.vtiger.tests.loginTest.launchApp(loginTest.java:20)
at com.vtiger.tests.loginTest.launchApp(loginTest.java:20)
at com.vtiger.tests.loginTest.launchApp(loginTest.java:20)
at com.vtiger.tests.loginTest.launchApp(loginTest.java:20)
at com.vtiger.tests.loginTest.launchApp(loginTest.java:20)
at com.vtiger.tests.loginTest.launchApp(loginTest.java:20)
at com.vtiger.tests.loginTest.launchApp(loginTest.java:20)
at com.vtiger.tests.loginTest.launchApp(loginTest.java:20)
at com.vtiger.tests.loginTest.launchApp(loginTest.java:20)
at com.vtiger.tests.loginTest.launchApp(loginTest.java:20)
at com.vtiger.tests.loginTest.launchApp(loginTest.java:20)
at com.vtiger.tests.loginTest.launchApp(loginTest.java:20)
at com.vtiger.tests.loginTest.launchApp(loginTest.java:20)
at com.vtiger.tests.loginTest.launchApp(loginTest.java:20)
at com.vtiger.tests.loginTest.launchApp(loginTest.java:20)
at com.vtiger.tests.loginTest.launchApp(loginTest.java:20)
at com.vtiger.tests.loginTest.launchApp(loginTest.java:20)
at com.vtiger.tests.loginTest.launchApp(loginTest.java:20)
at com.vtiger.tests.loginTest.launchApp(loginTest.java:20)
at com.vtiger.tests.loginTest.launchApp(loginTest.java:20)
at com.vtiger.tests.loginTest.launchApp(loginTest.java:20)
at com.vtiger.tests.loginTest.launchApp(loginTest.java:20)
at com.vtiger.tests.loginTest.launchApp(loginTest.java:20)
at com.vtiger.tests.loginTest.launchApp(loginTest.java:20)
at com.vtiger.tests.loginTest.launchApp(loginTest.java:20)
at com.vtiger.tests.loginTest.launchApp(loginTest.java:20)
at com.vtiger.tests.loginTest.launchApp(loginTest.java:20)
at com.vtiger.tests.loginTest.launchApp(loginTest.java:20)
at com.vtiger.tests.loginTest.launchApp(loginTest.java:20)
at com.vtiger.tests.loginTest.launchApp(loginTest.java:20)
at com.vtiger.tests.loginTest.launchApp(loginTest.java:20)
at com.vtiger.tests.loginTest.launchApp(loginTest.java:20)
at com.vtiger.tests.loginTest.launchApp(loginTest.java:20)
at com.vtiger.tests.loginTest.launchApp(loginTest.java:20)
at com.vtiger.tests.loginTest.launchApp(loginTest.java:20)
at com.vtiger.tests.loginTest.launchApp(loginTest.java:20)
at com.vtiger.tests.loginTest.launchApp(loginTest.java:20)
at com.vtiger.tests.loginTest.launchApp(loginTest.java:20)
at com.vtiger.tests.loginTest.launchApp(loginTest.java:20)
at com.vtiger.tests.loginTest.launchApp(loginTest.java:20)
at com.vtiger.tests.loginTest.launchApp(loginTest.java:20)
at com.vtiger.tests.loginTest.launchApp(loginTest.java:20)
at com.vtiger.tests.loginTest.launchApp(loginTest.java:20)
at com.vtiger.tests.loginTest.launchApp(loginTest.java:20)
at com.vtiger.tests.loginTest.launchApp(loginTest.java:20)
at com.vtiger.tests.loginTest.launchApp(loginTest.java:20)
at com.vtiger.tests.loginTest.launchApp(loginTest.java:20)
at com.vtiger.tests.loginTest.launchApp(loginTest.java:20)
at com.vtiger.tests.loginTest.launchApp(loginTest.java:20)
at com.vtiger.tests.loginTest.launchApp(loginTest.java:20)
at com.vtiger.tests.loginTest.launchApp(loginTest.java:20)
at com.vtiger.tests.loginTest.launchApp(loginTest.java:20)
at com.vtiger.tests.loginTest.launchApp(loginTest.java:20)
at com.vtiger.tests.loginTest.launchApp(loginTest.java:20)
at com.vtiger.tests.loginTest.launchApp(loginTest.java:20)
at com.vtiger.tests.loginTest.launchApp(loginTest.java:20)
at com.vtiger.tests.loginTest.launchApp(loginTest.java:20)
at com.vtiger.tests.loginTest.launchApp(loginTest.java:20)
at com.vtiger.tests.loginTest.launchApp(loginTest.java:20)
at com.vtiger.tests.loginTest.launchApp(loginTest.java:20)
at com.vtiger.tests.loginTest.launchApp(loginTest.java:20)
at com.vtiger.tests.loginTest.launchApp(loginTest.java:20)
at com.vtiger.tests.loginTest.launchApp(loginTest.java:20)
at com.vtiger.tests.loginTest.launchApp(loginTest.java:20)
at com.vtiger.tests.loginTest.launchApp(loginTest.java:20)
at com.vtiger.tests.loginTest.launchApp(loginTest.java:20)
at com.vtiger.tests.loginTest.launchApp(loginTest.java:20)
at com.vtiger.tests.loginTest.launchApp(loginTest.java:20)
at com.vtiger.tests.loginTest.launchApp(loginTest.java:20)
at com.vtiger.tests.loginTest.launchApp(loginTest.java:20)
at com.vtiger.tests.loginTest.launchApp(loginTest.java:20)
at com.vtiger.tests.loginTest.launchApp(loginTest.java:20)
at com.vtiger.tests.loginTest.launchApp(loginTest.java:20)
at com.vtiger.tests.loginTest.launchApp(loginTest.java:20)
at com.vtiger.tests.loginTest.launchApp(loginTest.java:20)
at com.vtiger.tests.loginTest.launchApp(loginTest.java:20)
at com.vtiger.tests.loginTest.launchApp(loginTest.java:20)
at com.vtiger.tests.loginTest.launchApp(loginTest.java:20)
at com.vtiger.tests.loginTest.launchApp(loginTest.java:20)
at com.vtiger.tests.loginTest.launchApp(loginTest.java:20)
at com.vtiger.tests.loginTest.launchApp(loginTest.java:20)
at com.vtiger.tests.loginTest.launchApp(loginTest.java:20)
at com.vtiger.tests.loginTest.launchApp(loginTest.java:20)
at com.vtiger.tests.loginTest.launchApp(loginTest.java:20)
at com.vtiger.tests.loginTest.launchApp(loginTest.java:20)
at com.vtiger.tests.loginTest.launchApp(loginTest.java:20)
at com.vtiger.tests.loginTest.launchApp(loginTest.java:20)
at com.vtiger.tests.loginTest.launchApp(loginTest.java:20)
at com.vtiger.tests.loginTest.launchApp(loginTest.java:20)
at com.vtiger.tests.loginTest.launchApp(loginTest.java:20)
at com.vtiger.tests.loginTest.launchApp(loginTest.java:20)
at com.vtiger.tests.loginTest.launchApp(loginTest.java:20)
at com.vtiger.tests.loginTest.launchApp(loginTest.java:20)
at com.vtiger.tests.loginTest.launchApp(loginTest.java:20)
at com.vtiger.tests.loginTest.launchApp(loginTest.java:20)
at com.vtiger.tests.loginTest.launchApp(loginTest.java:20)
at com.vtiger.tests.loginTest.launchApp(loginTest.java:20)
at com.vtiger.tests.loginTest.launchApp(loginTest.java:20)
at com.vtiger.tests.loginTest.launchApp(loginTest.java:20)
at com.vtiger.tests.loginTest.launchApp(loginTest.java:20)
at com.vtiger.tests.loginTest.launchApp(loginTest.java:20)
at com.vtiger.tests.loginTest.launchApp(loginTest.java:20)
at com.vtiger.tests.loginTest.launchApp(loginTest.java:20)
at com.vtiger.tests.loginTest.launchApp(loginTest.java:20)
at com.vtiger.tests.loginTest.launchApp(loginTest.java:20)
at com.vtiger.tests.loginTest.launchApp(loginTest.java:20)
at com.vtiger.tests.loginTest.launchApp(loginTest.java:20)
at com.vtiger.tests.loginTest.launchApp(loginTest.java:20)
at com.vtiger.tests.loginTest.launchApp(loginTest.java:20)
at com.vtiger.tests.loginTest.launchApp(loginTest.java:20)
at com.vtiger.tests.loginTest.launchApp(loginTest.java:20)
at com.vtiger.tests.loginTest.launchApp(loginTest.java:20)
at com.vtiger.tests.loginTest.launchApp(loginTest.java:20)
at com.vtiger.tests.loginTest.launchApp(loginTest.java:20)
at com.vtiger.tests.loginTest.launchApp(loginTest.java:20)
at com.vtiger.tests.loginTest.launchApp(loginTest.java:20)
at com.vtiger.tests.loginTest.launchApp(loginTest.java:20)
at com.vtiger.tests.loginTest.launchApp(loginTest.java:20)
at com.vtiger.tests.loginTest.launchApp(loginTest.java:20)
at com.vtiger.tests.loginTest.launchApp(loginTest.java:20)
at com.vtiger.tests.loginTest.launchApp(loginTest.java:20)
at com.vtiger.tests.loginTest.launchApp(loginTest.java:20)
at com.vtiger.tests.loginTest.launchApp(loginTest.java:20)
at com.vtiger.tests.loginTest.launchApp(loginTest.java:20)
at com.vtiger.tests.loginTest.launchApp(loginTest.java:20)
at com.vtiger.tests.loginTest.launchApp(loginTest.java:20)
at com.vtiger.tests.loginTest.launchApp(loginTest.java:20)
at com.vtiger.tests.loginTest.launchApp(loginTest.java:20)
at com.vtiger.tests.loginTest.launchApp(loginTest.java:20)
at com.vtiger.tests.loginTest.launchApp(loginTest.java:20)
at com.vtiger.tests.loginTest.launchApp(loginTest.java:20)
at com.vtiger.tests.loginTest.launchApp(loginTest.java:20)
at com.vtiger.tests.loginTest.launchApp(loginTest.java:20)
at com.vtiger.tests.loginTest.launchApp(loginTest.java:20)
at com.vtiger.tests.loginTest.launchApp(loginTest.java:20)
at com.vtiger.tests.loginTest.launchApp(loginTest.java:20)
at com.vtiger.tests.loginTest.launchApp(loginTest.java:20)
at com.vtiger.tests.loginTest.launchApp(loginTest.java:20)
at com.vtiger.tests.loginTest.launchApp(loginTest.java:20)
at com.vtiger.tests.loginTest.launchApp(loginTest.java:20)
at com.vtiger.tests.loginTest.launchApp(loginTest.java:20)
at com.vtiger.tests.loginTest.launchApp(loginTest.java:20)
at com.vtiger.tests.loginTest.launchApp(loginTest.java:20)
at com.vtiger.tests.loginTest.launchApp(loginTest.java:20)
at com.vtiger.tests.loginTest.launchApp(loginTest.java:20)
at com.vtiger.tests.loginTest.launchApp(loginTest.java:20)
at com.vtiger.tests.loginTest.launchApp(loginTest.java:20)
at com.vtiger.tests.loginTest.launchApp(loginTest.java:20)
at com.vtiger.tests.loginTest.launchApp(loginTest.java:20)
at com.vtiger.tests.loginTest.launchApp(loginTest.java:20)
at com.vtiger.tests.loginTest.launchApp(loginTest.java:20)
at com.vtiger.tests.loginTest.launchApp(loginTest.java:20)
at com.vtiger.tests.loginTest.launchApp(loginTest.java:20)
at com.vtiger.tests.loginTest.launchApp(loginTest.java:20)
at com.vtiger.tests.loginTest.launchApp(loginTest.java:20)
at com.vtiger.tests.loginTest.launchApp(loginTest.java:20)
at com.vtiger.tests.loginTest.launchApp(loginTest.java:20)
at com.vtiger.tests.loginTest.launchApp(loginTest.java:20)
at com.vtiger.tests.loginTest.launchApp(loginTest.java:20)
at com.vtiger.tests.loginTest.launchApp(loginTest.java:20)
at com.vtiger.tests.loginTest.launchApp(loginTest.java:20)
at com.vtiger.tests.loginTest.launchApp(loginTest.java:20)
at com.vtiger.tests.loginTest.launchApp(loginTest.java:20)
at com.vtiger.tests.loginTest.launchApp(loginTest.java:20)
at com.vtiger.tests.loginTest.launchApp(loginTest.java:20)
at com.vtiger.tests.loginTest.launchApp(loginTest.java:20)
at com.vtiger.tests.loginTest.launchApp(loginTest.java:20)
at com.vtiger.tests.loginTest.launchApp(loginTest.java:20)
at com.vtiger.tests.loginTest.launchApp(loginTest.java:20)
at com.vtiger.tests.loginTest.launchApp(loginTest.java:20)
at com.vtiger.tests.loginTest.launchApp(loginTest.java:20)
at com.vtiger.tests.loginTest.launchApp(loginTest.java:20)
at com.vtiger.tests.loginTest.launchApp(loginTest.java:20)
at com.vtiger.tests.loginTest.launchApp(loginTest.java:20)
at com.vtiger.tests.loginTest.launchApp(loginTest.java:20)
at com.vtiger.tests.loginTest.launchApp(loginTest.java:20)
at com.vtiger.tests.loginTest.launchApp(loginTest.java:20)
at com.vtiger.tests.loginTest.launchApp(loginTest.java:20)
at com.vtiger.tests.loginTest.launchApp(loginTest.java:20)
at com.vtiger.tests.loginTest.launchApp(loginTest.java:20)
at com.vtiger.tests.loginTest.launchApp(loginTest.java:20)
at com.vtiger.tests.loginTest.launchApp(loginTest.java:20)
at com.vtiger.tests.loginTest.launchApp(loginTest.java:20)
at com.vtiger.tests.loginTest.launchApp(loginTest.java:20)
at com.vtiger.tests.loginTest.launchApp(loginTest.java:20)
at com.vtiger.tests.loginTest.launchApp(loginTest.java:20)
at com.vtiger.tests.loginTest.launchApp(loginTest.java:20)
at com.vtiger.tests.loginTest.launchApp(loginTest.java:20)
at com.vtiger.tests.loginTest.launchApp(loginTest.java:20)
at com.vtiger.tests.loginTest.launchApp(loginTest.java:20)
at com.vtiger.tests.loginTest.launchApp(loginTest.java:20)
at com.vtiger.tests.loginTest.launchApp(loginTest.java:20)
at com.vtiger.tests.loginTest.launchApp(loginTest.java:20)
at com.vtiger.tests.loginTest.launchApp(loginTest.java:20)
at com.vtiger.tests.loginTest.launchApp(loginTest.java:20)
at com.vtiger.tests.loginTest.launchApp(loginTest.java:20)
at com.vtiger.tests.loginTest.launchApp(loginTest.java:20)
at com.vtiger.tests.loginTest.launchApp(loginTest.java:20)
at com.vtiger.tests.loginTest.launchApp(loginTest.java:20)
at com.vtiger.tests.loginTest.launchApp(loginTest.java:20)
at com.vtiger.tests.loginTest.launchApp(loginTest.java:20)
at com.vtiger.tests.loginTest.launchApp(loginTest.java:20)
at com.vtiger.tests.loginTest.launchApp(loginTest.java:20)
at com.vtiger.tests.loginTest.launchApp(loginTest.java:20)
at com.vtiger.tests.loginTest.launchApp(loginTest.java:20)
at com.vtiger.tests.loginTest.launchApp(loginTest.java:20)
at com.vtiger.tests.loginTest.launchApp(loginTest.java:20)
at com.vtiger.tests.loginTest.launchApp(loginTest.java:20)
at com.vtiger.tests.loginTest.launchApp(loginTest.java:20)
at com.vtiger.tests.loginTest.launchApp(loginTest.java:20)
at com.vtiger.tests.loginTest.launchApp(loginTest.java:20)
at com.vtiger.tests.loginTest.launchApp(loginTest.java:20)
at com.vtiger.tests.loginTest.launchApp(loginTest.java:20)
at com.vtiger.tests.loginTest.launchApp(loginTest.java:20)
at com.vtiger.tests.loginTest.launchApp(loginTest.java:20)
at com.vtiger.tests.loginTest.launchApp(loginTest.java:20)
at com.vtiger.tests.loginTest.launchApp(loginTest.java:20)
at com.vtiger.tests.loginTest.launchApp(loginTest.java:20)
at com.vtiger.tests.loginTest.launchApp(loginTest.java:20)
at com.vtiger.tests.loginTest.launchApp(loginTest.java:20)
at com.vtiger.tests.loginTest.launchApp(loginTest.java:20)
at com.vtiger.tests.loginTest.launchApp(loginTest.java:20)
at com.vtiger.tests.loginTest.launchApp(loginTest.java:20)
at com.vtiger.tests.loginTest.launchApp(loginTest.java:20)
at com.vtiger.tests.loginTest.launchApp(loginTest.java:20)
at com.vtiger.tests.loginTest.launchApp(loginTest.java:20)
at com.vtiger.tests.loginTest.launchApp(loginTest.java:20)
at com.vtiger.tests.loginTest.launchApp(loginTest.java:20)
at com.vtiger.tests.loginTest.launchApp(loginTest.java:20)
at com.vtiger.tests.loginTest.launchApp(loginTest.java:20)
at com.vtiger.tests.loginTest.launchApp(loginTest.java:20)
at com.vtiger.tests.loginTest.launchApp(loginTest.java:20)
at com.vtiger.tests.loginTest.launchApp(loginTest.java:20)
at com.vtiger.tests.loginTest.launchApp(loginTest.java:20)
at com.vtiger.tests.loginTest.launchApp(loginTest.java:20)
at com.vtiger.tests.loginTest.launchApp(loginTest.java:20)
at com.vtiger.tests.loginTest.launchApp(loginTest.java:20)
at com.vtiger.tests.loginTest.launchApp(loginTest.java:20)
at com.vtiger.tests.loginTest.launchApp(loginTest.java:20)
at com.vtiger.tests.loginTest.launchApp(loginTest.java:20)
at com.vtiger.tests.loginTest.launchApp(loginTest.java:20)
at com.vtiger.tests.loginTest.launchApp(loginTest.java:20)
at com.vtiger.tests.loginTest.launchApp(loginTest.java:20)
at com.vtiger.tests.loginTest.launchApp(loginTest.java:20)
at com.vtiger.tests.loginTest.launchApp(loginTest.java:20)
at com.vtiger.tests.loginTest.launchApp(loginTest.java:20)
at com.vtiger.tests.loginTest.launchApp(loginTest.java:20)
at com.vtiger.tests.loginTest.launchApp(loginTest.java:20)
at com.vtiger.tests.loginTest.launchApp(loginTest.java:20)
at com.vtiger.tests.loginTest.launchApp(loginTest.java:20)
at com.vtiger.tests.loginTest.launchApp(loginTest.java:20)
at com.vtiger.tests.loginTest.launchApp(loginTest.java:20)
at com.vtiger.tests.loginTest.launchApp(loginTest.java:20)
at com.vtiger.tests.loginTest.launchApp(loginTest.java:20)
at com.vtiger.tests.loginTest.launchApp(loginTest.java:20)
at com.vtiger.tests.loginTest.launchApp(loginTest.java:20)
at com.vtiger.tests.loginTest.launchApp(loginTest.java:20)
at com.vtiger.tests.loginTest.launchApp(loginTest.java:20)
at com.vtiger.tests.loginTest.launchApp(loginTest.java:20)
at com.vtiger.tests.loginTest.launchApp(loginTest.java:20)
at com.vtiger.tests.loginTest.launchApp(loginTest.java:20)
at com.vtiger.tests.loginTest.launchApp(loginTest.java:20)
at com.vtiger.tests.loginTest.launchApp(loginTest.java:20)
at com.vtiger.tests.loginTest.launchApp(loginTest.java:20)
at com.vtiger.tests.loginTest.launchApp(loginTest.java:20)
at com.vtiger.tests.loginTest.launchApp(loginTest.java:20)
at com.vtiger.tests.loginTest.launchApp(loginTest.java:20)
at com.vtiger.tests.loginTest.launchApp(loginTest.java:20)
at com.vtiger.tests.loginTest.launchApp(loginTest.java:20)
at com.vtiger.tests.loginTest.launchApp(loginTest.java:20)
at com.vtiger.tests.loginTest.launchApp(loginTest.java:20)
at com.vtiger.tests.loginTest.launchApp(loginTest.java:20)
at com.vtiger.tests.loginTest.launchApp(loginTest.java:20)
at com.vtiger.tests.loginTest.launchApp(loginTest.java:20)
at com.vtiger.tests.loginTest.launchApp(loginTest.java:20)
at com.vtiger.tests.loginTest.launchApp(loginTest.java:20)
at com.vtiger.tests.loginTest.launchApp(loginTest.java:20)
at com.vtiger.tests.loginTest.launchApp(loginTest.java:20)
at com.vtiger.tests.loginTest.launchApp(loginTest.java:20)
at com.vtiger.tests.loginTest.launchApp(loginTest.java:20)
at com.vtiger.tests.loginTest.launchApp(loginTest.java:20)
at com.vtiger.tests.loginTest.launchApp(loginTest.java:20)
at com.vtiger.tests.loginTest.launchApp(loginTest.java:20)
at com.vtiger.tests.loginTest.launchApp(loginTest.java:20)
at com.vtiger.tests.loginTest.launchApp(loginTest.java:20)
at com.vtiger.tests.loginTest.launchApp(loginTest.java:20)
at com.vtiger.tests.loginTest.launchApp(loginTest.java:20)
at com.vtiger.tests.loginTest.launchApp(loginTest.java:20)
at com.vtiger.tests.loginTest.launchApp(loginTest.java:20)
at com.vtiger.tests.loginTest.launchApp(loginTest.java:20)
at com.vtiger.tests.loginTest.launchApp(loginTest.java:20)
at com.vtiger.tests.loginTest.launchApp(loginTest.java:20)
at com.vtiger.tests.loginTest.launchApp(loginTest.java:20)
at com.vtiger.tests.loginTest.launchApp(loginTest.java:20)
at com.vtiger.tests.loginTest.launchApp(loginTest.java:20)
at com.vtiger.tests.loginTest.launchApp(loginTest.java:20)
at com.vtiger.tests.loginTest.launchApp(loginTest.java:20)
at com.vtiger.tests.loginTest.launchApp(loginTest.java:20)
at com.vtiger.tests.loginTest.launchApp(loginTest.java:20)
at com.vtiger.tests.loginTest.launchApp(loginTest.java:20)
at com.vtiger.tests.loginTest.launchApp(loginTest.java:20)
at com.vtiger.tests.loginTest.launchApp(loginTest.java:20)
at com.vtiger.tests.loginTest.launchApp(loginTest.java:20)
at com.vtiger.tests.loginTest.launchApp(loginTest.java:20)
at com.vtiger.tests.loginTest.launchApp(loginTest.java:20)
at com.vtiger.tests.loginTest.launchApp(loginTest.java:20)
at com.vtiger.tests.loginTest.launchApp(loginTest.java:20)
at com.vtiger.tests.loginTest.launchApp(loginTest.java:20)
at com.vtiger.tests.loginTest.launchApp(loginTest.java:20)
at com.vtiger.tests.loginTest.launchApp(loginTest.java:20)
at com.vtiger.tests.loginTest.launchApp(loginTest.java:20)
at com.vtiger.tests.loginTest.launchApp(loginTest.java:20)
at com.vtiger.tests.loginTest.launchApp(loginTest.java:20)
at com.vtiger.tests.loginTest.launchApp(loginTest.java:20)
at com.vtiger.tests.loginTest.launchApp(loginTest.java:20)
at com.vtiger.tests.loginTest.launchApp(loginTest.java:20)
at com.vtiger.tests.loginTest.launchApp(loginTest.java:20)
at com.vtiger.tests.loginTest.launchApp(loginTest.java:20)
at com.vtiger.tests.loginTest.launchApp(loginTest.java:20)
at com.vtiger.tests.loginTest.launchApp(loginTest.java:20)
at com.vtiger.tests.loginTest.launchApp(loginTest.java:20)
at com.vtiger.tests.loginTest.launchApp(loginTest.java:20)
at com.vtiger.tests.loginTest.launchApp(loginTest.java:20)
at com.vtiger.tests.loginTest.launchApp(loginTest.java:20)
at com.vtiger.tests.loginTest.launchApp(loginTest.java:20)
at com.vtiger.tests.loginTest.launchApp(loginTest.java:20)
at com.vtiger.tests.loginTest.launchApp(loginTest.java:20)
at com.vtiger.tests.loginTest.launchApp(loginTest.java:20)
at com.vtiger.tests.loginTest.launchApp(loginTest.java:20)
at com.vtiger.tests.loginTest.launchApp(loginTest.java:20)
at com.vtiger.tests.loginTest.launchApp(loginTest.java:20)
at com.vtiger.tests.loginTest.launchApp(loginTest.java:20)
at com.vtiger.tests.loginTest.launchApp(loginTest.java:20)
at com.vtiger.tests.loginTest.launchApp(loginTest.java:20)
at com.vtiger.tests.loginTest.launchApp(loginTest.java:20)
at com.vtiger.tests.loginTest.launchApp(loginTest.java:20)
at com.vtiger.tests.loginTest.launchApp(loginTest.java:20)
at com.vtiger.tests.loginTest.launchApp(loginTest.java:20)
at com.vtiger.tests.loginTest.launchApp(loginTest.java:20)
at com.vtiger.tests.loginTest.launchApp(loginTest.java:20)
at com.vtiger.tests.loginTest.launchApp(loginTest.java:20)
at com.vtiger.tests.loginTest.launchApp(loginTest.java:20)
at com.vtiger.tests.loginTest.launchApp(loginTest.java:20)
at com.vtiger.tests.loginTest.launchApp(loginTest.java:20)
at com.vtiger.tests.loginTest.launchApp(loginTest.java:20)
at com.vtiger.tests.loginTest.launchApp(loginTest.java:20)
at com.vtiger.tests.loginTest.launchApp(loginTest.java:20)
at com.vtiger.tests.loginTest.launchApp(loginTest.java:20)
at com.vtiger.tests.loginTest.launchApp(loginTest.java:20)
at com.vtiger.tests.loginTest.launchApp(loginTest.java:20)
at com.vtiger.tests.loginTest.launchApp(loginTest.java:20)
at com.vtiger.tests.loginTest.launchApp(loginTest.java:20)
at com.vtiger.tests.loginTest.launchApp(loginTest.java:20)
at com.vtiger.tests.loginTest.launchApp(loginTest.java:20)
at com.vtiger.tests.loginTest.launchApp(loginTest.java:20)
at com.vtiger.tests.loginTest.launchApp(loginTest.java:20)
at com.vtiger.tests.loginTest.launchApp(loginTest.java:20)
at com.vtiger.tests.loginTest.launchApp(loginTest.java:20)
at com.vtiger.tests.loginTest.launchApp(loginTest.java:20)
at com.vtiger.tests.loginTest.launchApp(loginTest.java:20)
at com.vtiger.tests.loginTest.launchApp(loginTest.java:20)
at com.vtiger.tests.loginTest.launchApp(loginTest.java:20)
at com.vtiger.tests.loginTest.launchApp(loginTest.java:20)
at com.vtiger.tests.loginTest.launchApp(loginTest.java:20)
at com.vtiger.tests.loginTest.launchApp(loginTest.java:20)
at com.vtiger.tests.loginTest.launchApp(loginTest.java:20)
at com.vtiger.tests.loginTest.launchApp(loginTest.java:20)
at com.vtiger.tests.loginTest.launchApp(loginTest.java:20)
at com.vtiger.tests.loginTest.launchApp(loginTest.java:20)
at com.vtiger.tests.loginTest.launchApp(loginTest.java:20)
at com.vtiger.tests.loginTest.launchApp(loginTest.java:20)
at com.vtiger.tests.loginTest.launchApp(loginTest.java:20)
at com.vtiger.tests.loginTest.launchApp(loginTest.java:20)
at com.vtiger.tests.loginTest.launchApp(loginTest.java:20)
at com.vtiger.tests.loginTest.launchApp(loginTest.java:20)
at com.vtiger.tests.loginTest.launchApp(loginTest.java:20)
at com.vtiger.tests.loginTest.launchApp(loginTest.java:20)
at com.vtiger.tests.loginTest.launchApp(loginTest.java:20)
at com.vtiger.tests.loginTest.launchApp(loginTest.java:20)
at com.vtiger.tests.loginTest.launchApp(loginTest.java:20)
at com.vtiger.tests.loginTest.launchApp(loginTest.java:20)
at com.vtiger.tests.loginTest.launchApp(loginTest.java:20)
at com.vtiger.tests.loginTest.launchApp(loginTest.java:20)
at com.vtiger.tests.loginTest.launchApp(loginTest.java:20)
at com.vtiger.tests.loginTest.launchApp(loginTest.java:20)
at com.vtiger.tests.loginTest.launchApp(loginTest.java:20)
at com.vtiger.tests.loginTest.launchApp(loginTest.java:20)
at com.vtiger.tests.loginTest.launchApp(loginTest.java:20)
at com.vtiger.tests.loginTest.launchApp(loginTest.java:20)
at com.vtiger.tests.loginTest.launchApp(loginTest.java:20)
at com.vtiger.tests.loginTest.launchApp(loginTest.java:20)
at com.vtiger.tests.loginTest.launchApp(loginTest.java:20)
at com.vtiger.tests.loginTest.launchApp(loginTest.java:20)
at com.vtiger.tests.loginTest.launchApp(loginTest.java:20)
at com.vtiger.tests.loginTest.launchApp(loginTest.java:20)
at com.vtiger.tests.loginTest.launchApp(loginTest.java:20)
at com.vtiger.tests.loginTest.launchApp(loginTest.java:20)
at com.vtiger.tests.loginTest.launchApp(loginTest.java:20)
at com.vtiger.tests.loginTest.launchApp(loginTest.java:20)
at com.vtiger.tests.loginTest.launchApp(loginTest.java:20)
at com.vtiger.tests.loginTest.launchApp(loginTest.java:20)
at com.vtiger.tests.loginTest.launchApp(loginTest.java:20)
at com.vtiger.tests.loginTest.launchApp(loginTest.java:20)
at com.vtiger.tests.loginTest.launchApp(loginTest.java:20)
at com.vtiger.tests.loginTest.launchApp(loginTest.java:20)
at com.vtiger.tests.loginTest.launchApp(loginTest.java:20)
at com.vtiger.tests.loginTest.launchApp(loginTest.java:20)
at com.vtiger.tests.loginTest.launchApp(loginTest.java:20)
at com.vtiger.tests.loginTest.launchApp(loginTest.java:20)
at com.vtiger.tests.loginTest.launchApp(loginTest.java:20)
at com.vtiger.tests.loginTest.launchApp(loginTest.java:20)
at com.vtiger.tests.loginTest.launchApp(loginTest.java:20)
at com.vtiger.tests.loginTest.launchApp(loginTest.java:20)
at com.vtiger.tests.loginTest.launchApp(loginTest.java:20)
at com.vtiger.tests.loginTest.launchApp(loginTest.java:20)
at com.vtiger.tests.loginTest.launchApp(loginTest.java:20)
at com.vtiger.tests.loginTest.launchApp(loginTest.java:20)
at com.vtiger.tests.loginTest.launchApp(loginTest.java:20)
at com.vtiger.tests.loginTest.launchApp(loginTest.java:20)
at com.vtiger.tests.loginTest.launchApp(loginTest.java:20)
at com.vtiger.tests.loginTest.launchApp(loginTest.java:20)
at com.vtiger.tests.loginTest.launchApp(loginTest.java:20)
at com.vtiger.tests.loginTest.launchApp(loginTest.java:20)
at com.vtiger.tests.loginTest.launchApp(loginTest.java:20)
at com.vtiger.tests.loginTest.launchApp(loginTest.java:20)
at com.vtiger.tests.loginTest.launchApp(loginTest.java:20)
at com.vtiger.tests.loginTest.launchApp(loginTest.java:20)
at com.vtiger.tests.loginTest.launchApp(loginTest.java:20)
at com.vtiger.tests.loginTest.launchApp(loginTest.java:20)
at com.vtiger.tests.loginTest.launchApp(loginTest.java:20)
at com.vtiger.tests.loginTest.launchApp(loginTest.java:20)
at com.vtiger.tests.loginTest.launchApp(loginTest.java:20)
at com.vtiger.tests.loginTest.launchApp(loginTest.java:20)
at com.vtiger.tests.loginTest.launchApp(loginTest.java:20)
at com.vtiger.tests.loginTest.launchApp(loginTest.java:20)
at com.vtiger.tests.loginTest.launchApp(loginTest.java:20)
at com.vtiger.tests.loginTest.launchApp(loginTest.java:20)
at com.vtiger.tests.loginTest.launchApp(loginTest.java:20)
at com.vtiger.tests.loginTest.launchApp(loginTest.java:20)
at com.vtiger.tests.loginTest.launchApp(loginTest.java:20)
at com.vtiger.tests.loginTest.launchApp(loginTest.java:20)
at com.vtiger.tests.loginTest.launchApp(loginTest.java:20)
at com.vtiger.tests.loginTest.launchApp(loginTest.java:20)
at com.vtiger.tests.loginTest.launchApp(loginTest.java:20)
at com.vtiger.tests.loginTest.launchApp(loginTest.java:20)
at com.vtiger.tests.loginTest.launchApp(loginTest.java:20)
at com.vtiger.tests.loginTest.launchApp(loginTest.java:20)
at com.vtiger.tests.loginTest.launchApp(loginTest.java:20)
at com.vtiger.tests.loginTest.launchApp(loginTest.java:20)
at com.vtiger.tests.loginTest.launchApp(loginTest.java:20)
at com.vtiger.tests.loginTest.launchApp(loginTest.java:20)
at com.vtiger.tests.loginTest.launchApp(loginTest.java:20)
at com.vtiger.tests.loginTest.launchApp(loginTest.java:20)
at com.vtiger.tests.loginTest.launchApp(loginTest.java:20)
at com.vtiger.tests.loginTest.launchApp(loginTest.java:20)
at com.vtiger.tests.loginTest.launchApp(loginTest.java:20)
at com.vtiger.tests.loginTest.launchApp(loginTest.java:20)
at com.vtiger.tests.loginTest.launchApp(loginTest.java:20)
at com.vtiger.tests.loginTest.launchApp(loginTest.java:20)
at com.vtiger.tests.loginTest.launchApp(loginTest.java:20)
at com.vtiger.tests.loginTest.launchApp(loginTest.java:20)
at com.vtiger.tests.loginTest.launchApp(loginTest.java:20)
at com.vtiger.tests.loginTest.launchApp(loginTest.java:20)
at com.vtiger.tests.loginTest.launchApp(loginTest.java:20)
at com.vtiger.tests.loginTest.launchApp(loginTest.java:20)
at com.vtiger.tests.loginTest.launchApp(loginTest.java:20)
at com.vtiger.tests.loginTest.launchApp(loginTest.java:20)
at com.vtiger.tests.loginTest.launchApp(loginTest.java:20)
at com.vtiger.tests.loginTest.launchApp(loginTest.java:20)
at com.vtiger.tests.loginTest.launchApp(loginTest.java:20)
at com.vtiger.tests.loginTest.launchApp(loginTest.java:20)
at com.vtiger.tests.loginTest.launchApp(loginTest.java:20)
at com.vtiger.tests.loginTest.launchApp(loginTest.java:20)
at com.vtiger.tests.loginTest.launchApp(loginTest.java:20)
at com.vtiger.tests.loginTest.launchApp(loginTest.java:20)
at com.vtiger.tests.loginTest.launchApp(loginTest.java:20)
at com.vtiger.tests.loginTest.launchApp(loginTest.java:20)
at com.vtiger.tests.loginTest.launchApp(loginTest.java:20)
at com.vtiger.tests.loginTest.launchApp(loginTest.java:20)
at com.vtiger.tests.loginTest.launchApp(loginTest.java:20)
at com.vtiger.tests.loginTest.launchApp(loginTest.java:20)
at com.vtiger.tests.loginTest.launchApp(loginTest.java:20)
at com.vtiger.tests.loginTest.launchApp(loginTest.java:20)
at com.vtiger.tests.loginTest.launchApp(loginTest.java:20)
at com.vtiger.tests.loginTest.launchApp(loginTest.java:20)
at com.vtiger.tests.loginTest.launchApp(loginTest.java:20)
at com.vtiger.tests.loginTest.launchApp(loginTest.java:20)
at com.vtiger.tests.loginTest.launchApp(loginTest.java:20)
at com.vtiger.tests.loginTest.launchApp(loginTest.java:20)
at com.vtiger.tests.loginTest.launchApp(loginTest.java:20)
at com.vtiger.tests.loginTest.launchApp(loginTest.java:20)
at com.vtiger.tests.loginTest.launchApp(loginTest.java:20)
at com.vtiger.tests.loginTest.launchApp(loginTest.java:20)
at com.vtiger.tests.loginTest.launchApp(loginTest.java:20)
at com.vtiger.tests.loginTest.launchApp(loginTest.java:20)
at com.vtiger.tests.loginTest.launchApp(loginTest.java:20)
at com.vtiger.tests.loginTest.launchApp(loginTest.java:20)
at com.vtiger.tests.loginTest.launchApp(loginTest.java:20)
at com.vtiger.tests.loginTest.launchApp(loginTest.java:20)
at com.vtiger.tests.loginTest.launchApp(loginTest.java:20)
at com.vtiger.tests.loginTest.launchApp(loginTest.java:20)
at com.vtiger.tests.loginTest.launchApp(loginTest.java:20)
at com.vtiger.tests.loginTest.launchApp(loginTest.java:20)
at com.vtiger.tests.loginTest.launchApp(loginTest.java:20)
at com.vtiger.tests.loginTest.launchApp(loginTest.java:20)
at com.vtiger.tests.loginTest.launchApp(loginTest.java:20)
at com.vtiger.tests.loginTest.launchApp(loginTest.java:20)
at com.vtiger.tests.loginTest.launchApp(loginTest.java:20)
at com.vtiger.tests.loginTest.launchApp(loginTest.java:20)
at com.vtiger.tests.loginTest.launchApp(loginTest.java:20)
at com.vtiger.tests.loginTest.launchApp(loginTest.java:20)
at com.vtiger.tests.loginTest.launchApp(loginTest.java:20)
at com.vtiger.tests.loginTest.launchApp(loginTest.java:20)
at com.vtiger.tests.loginTest.launchApp(loginTest.java:20)
at com.vtiger.tests.loginTest.launchApp(loginTest.java:20)
at com.vtiger.tests.loginTest.launchApp(loginTest.java:20)
at com.vtiger.tests.loginTest.launchApp(loginTest.java:20)
at com.vtiger.tests.loginTest.launchApp(loginTest.java:20)
at com.vtiger.tests.loginTest.launchApp(loginTest.java:20)
at com.vtiger.tests.loginTest.launchApp(loginTest.java:20)
at com.vtiger.tests.loginTest.launchApp(loginTest.java:20)
at com.vtiger.tests.loginTest.launchApp(loginTest.java:20)
at com.vtiger.tests.loginTest.launchApp(loginTest.java:20)
at com.vtiger.tests.loginTest.launchApp(loginTest.java:20)
at com.vtiger.tests.loginTest.launchApp(loginTest.java:20)
at com.vtiger.tests.loginTest.launchApp(loginTest.java:20)
at com.vtiger.tests.loginTest.launchApp(loginTest.java:20)
at com.vtiger.tests.loginTest.launchApp(loginTest.java:20)
at com.vtiger.tests.loginTest.launchApp(loginTest.java:20)
at com.vtiger.tests.loginTest.launchApp(loginTest.java:20)
at com.vtiger.tests.loginTest.launchApp(loginTest.java:20)
at com.vtiger.tests.loginTest.launchApp(loginTest.java:20)
at com.vtiger.tests.loginTest.launchApp(loginTest.java:20)
at com.vtiger.tests.loginTest.launchApp(loginTest.java:20)
at com.vtiger.tests.loginTest.launchApp(loginTest.java:20)
at com.vtiger.tests.loginTest.launchApp(loginTest.java:20)
at com.vtiger.tests.loginTest.launchApp(loginTest.java:20)
at com.vtiger.tests.loginTest.launchApp(loginTest.java:20)
at com.vtiger.tests.loginTest.launchApp(loginTest.java:20)
at com.vtiger.tests.loginTest.launchApp(loginTest.java:20)
at com.vtiger.tests.loginTest.launchApp(loginTest.java:20)
at com.vtiger.tests.loginTest.launchApp(loginTest.java:20)
at com.vtiger.tests.loginTest.launchApp(loginTest.java:20)
at com.vtiger.tests.loginTest.launchApp(loginTest.java:20)
at com.vtiger.tests.loginTest.launchApp(loginTest.java:20)
at com.vtiger.tests.loginTest.launchApp(loginTest.java:20)
at com.vtiger.tests.loginTest.launchApp(loginTest.java:20)
at com.vtiger.tests.loginTest.launchApp(loginTest.java:20)
at com.vtiger.tests.loginTest.launchApp(loginTest.java:20)
at com.vtiger.tests.loginTest.launchApp(loginTest.java:20)
at com.vtiger.tests.loginTest.launchApp(loginTest.java:20)
at com.vtiger.tests.loginTest.launchApp(loginTest.java:20)
at com.vtiger.tests.loginTest.launchApp(loginTest.java:20)
at com.vtiger.tests.loginTest.launchApp(loginTest.java:20)
at com.vtiger.tests.loginTest.launchApp(loginTest.java:20)
at com.vtiger.tests.loginTest.launchApp(loginTest.java:20)
at com.vtiger.tests.loginTest.launchApp(loginTest.java:20)
at com.vtiger.tests.loginTest.launchApp(loginTest.java:20)
at com.vtiger.tests.loginTest.launchApp(loginTest.java:20)
at com.vtiger.tests.loginTest.launchApp(loginTest.java:20)
at com.vtiger.tests.loginTest.launchApp(loginTest.java:20)
at com.vtiger.tests.loginTest.launchApp(loginTest.java:20)
at com.vtiger.tests.loginTest.launchApp(loginTest.java:20)
at com.vtiger.tests.loginTest.launchApp(loginTest.java:20)
at com.vtiger.tests.loginTest.launchApp(loginTest.java:20)
at com.vtiger.tests.loginTest.launchApp(loginTest.java:20)
at com.vtiger.tests.loginTest.launchApp(loginTest.java:20)
at com.vtiger.tests.loginTest.launchApp(loginTest.java:20)
at com.vtiger.tests.loginTest.launchApp(loginTest.java:20)
at com.vtiger.tests.loginTest.launchApp(loginTest.java:20)
at com.vtiger.tests.loginTest.launchApp(loginTest.java:20)
at com.vtiger.tests.loginTest.launchApp(loginTest.java:20)
at com.vtiger.tests.loginTest.launchApp(loginTest.java:20)
at com.vtiger.tests.loginTest.launchApp(loginTest.java:20)
at com.vtiger.tests.loginTest.launchApp(loginTest.java:20)
at com.vtiger.tests.loginTest.launchApp(loginTest.java:20)
at com.vtiger.tests.loginTest.launchApp(loginTest.java:20)
at com.vtiger.tests.loginTest.launchApp(loginTest.java:20)
at com.vtiger.tests.loginTest.launchApp(loginTest.java:20)
at com.vtiger.tests.loginTest.launchApp(loginTest.java:20)
at com.vtiger.tests.loginTest.launchApp(loginTest.java:20)
at com.vtiger.tests.loginTest.launchApp(loginTest.java:20)
at com.vtiger.tests.loginTest.launchApp(loginTest.java:20)
at com.vtiger.tests.loginTest.launchApp(loginTest.java:20)
at com.vtiger.tests.loginTest.launchApp(loginTest.java:20)
at com.vtiger.tests.loginTest.launchApp(loginTest.java:20)
at com.vtiger.tests.loginTest.launchApp(loginTest.java:20)
at com.vtiger.tests.loginTest.launchApp(loginTest.java:20)
at com.vtiger.tests.loginTest.launchApp(loginTest.java:20)
at com.vtiger.tests.loginTest.launchApp(loginTest.java:20)
at com.vtiger.tests.loginTest.launchApp(loginTest.java:20)
at com.vtiger.tests.loginTest.launchApp(loginTest.java:20)
at com.vtiger.tests.loginTest.launchApp(loginTest.java:20)
at com.vtiger.tests.loginTest.launchApp(loginTest.java:20)
at com.vtiger.tests.loginTest.launchApp(loginTest.java:20)
at com.vtiger.tests.loginTest.launchApp(loginTest.java:20)
at com.vtiger.tests.loginTest.launchApp(loginTest.java:20)
at com.vtiger.tests.loginTest.launchApp(loginTest.java:20)
at com.vtiger.tests.loginTest.launchApp(loginTest.java:20)
at com.vtiger.tests.loginTest.launchApp(loginTest.java:20)
at com.vtiger.tests.loginTest.launchApp(loginTest.java:20)
at com.vtiger.tests.loginTest.launchApp(loginTest.java:20)
at com.vtiger.tests.loginTest.launchApp(loginTest.java:20)
at com.vtiger.tests.loginTest.launchApp(loginTest.java:20)
at com.vtiger.tests.loginTest.launchApp(loginTest.java:20)
at com.vtiger.tests.loginTest.launchApp(loginTest.java:20)
at com.vtiger.tests.loginTest.launchApp(loginTest.java:20)
at com.vtiger.tests.loginTest.launchApp(loginTest.java:20)
at com.vtiger.tests.loginTest.launchApp(loginTest.java:20)
at com.vtiger.tests.loginTest.launchApp(loginTest.java:20)
at com.vtiger.tests.loginTest.launchApp(loginTest.java:20)
at com.vtiger.tests.loginTest.launchApp(loginTest.java:20)
at com.vtiger.tests.loginTest.launchApp(loginTest.java:20)
at com.vtiger.tests.loginTest.launchApp(loginTest.java:20)
at com.vtiger.tests.loginTest.launchApp(loginTest.java:20)
at com.vtiger.tests.loginTest.launchApp(loginTest.java:20)
at com.vtiger.tests.loginTest.launchApp(loginTest.java:20)
at com.vtiger.tests.loginTest.launchApp(loginTest.java:20)
at com.vtiger.tests.loginTest.launchApp(loginTest.java:20)
at com.vtiger.tests.loginTest.launchApp(loginTest.java:20)
at com.vtiger.tests.loginTest.launchApp(loginTest.java:20)
at com.vtiger.tests.loginTest.launchApp(loginTest.java:20)
at com.vtiger.tests.loginTest.launchApp(loginTest.java:20)
at com.vtiger.tests.loginTest.launchApp(loginTest.java:20)
at com.vtiger.tests.loginTest.launchApp(loginTest.java:20)
at com.vtiger.tests.loginTest.launchApp(loginTest.java:20)
at com.vtiger.tests.loginTest.launchApp(loginTest.java:20)
at com.vtiger.tests.loginTest.launchApp(loginTest.java:20)
at com.vtiger.tests.loginTest.launchApp(loginTest.java:20)
at com.vtiger.tests.loginTest.launchApp(loginTest.java:20)
at com.vtiger.tests.loginTest.launchApp(loginTest.java:20)
at com.vtiger.tests.loginTest.launchApp(loginTest.java:20)
at com.vtiger.tests.loginTest.launchApp(loginTest.java:20)
at com.vtiger.tests.loginTest.launchApp(loginTest.java:20)
at com.vtiger.tests.loginTest.launchApp(loginTest.java:20)
at com.vtiger.tests.loginTest.launchApp(loginTest.java:20)
at com.vtiger.tests.loginTest.launchApp(loginTest.java:20)
at com.vtiger.tests.loginTest.launchApp(loginTest.java:20)
at com.vtiger.tests.loginTest.launchApp(loginTest.java:20)
at com.vtiger.tests.loginTest.launchApp(loginTest.java:20)
at com.vtiger.tests.loginTest.launchApp(loginTest.java:20)
at com.vtiger.tests.loginTest.launchApp(loginTest.java:20)
at com.vtiger.tests.loginTest.launchApp(loginTest.java:20)
at com.vtiger.tests.loginTest.launchApp(loginTest.java:20)
at com.vtiger.tests.loginTest.launchApp(loginTest.java:20)
at com.vtiger.tests.loginTest.launchApp(loginTest.java:20)
at com.vtiger.tests.loginTest.launchApp(loginTest.java:20)
at com.vtiger.tests.loginTest.launchApp(loginTest.java:20)
at com.vtiger.tests.loginTest.launchApp(loginTest.java:20)
at com.vtiger.tests.loginTest.launchApp(loginTest.java:20)
at com.vtiger.tests.loginTest.launchApp(loginTest.java:20)
at com.vtiger.tests.loginTest.launchApp(loginTest.java:20)
at com.vtiger.tests.loginTest.launchApp(loginTest.java:20)
at com.vtiger.tests.loginTest.launchApp(loginTest.java:20)
at com.vtiger.tests.loginTest.launchApp(loginTest.java:20)
at com.vtiger.tests.loginTest.launchApp(loginTest.java:20)
at com.vtiger.tests.loginTest.launchApp(loginTest.java:20)
at com.vtiger.tests.loginTest.launchApp(loginTest.java:20)
at com.vtiger.tests.loginTest.launchApp(loginTest.java:20)
at com.vtiger.tests.loginTest.launchApp(loginTest.java:20)
at com.vtiger.tests.loginTest.launchApp(loginTest.java:20)
at com.vtiger.tests.loginTest.launchApp(loginTest.java:20)
at com.vtiger.tests.loginTest.launchApp(loginTest.java:20)
at com.vtiger.tests.loginTest.launchApp(loginTest.java:20)
at com.vtiger.tests.loginTest.launchApp(loginTest.java:20)
at com.vtiger.tests.loginTest.launchApp(loginTest.java:20)
at com.vtiger.tests.loginTest.launchApp(loginTest.java:20)
at com.vtiger.tests.loginTest.launchApp(loginTest.java:20)
at com.vtiger.tests.loginTest.launchApp(loginTest.java:20)
at com.vtiger.tests.loginTest.launchApp(loginTest.java:20)
at com.vtiger.tests.loginTest.launchApp(loginTest.java:20)
at com.vtiger.tests.loginTest.launchApp(loginTest.java:20)
at com.vtiger.tests.loginTest.launchApp(loginTest.java:20)
at com.vtiger.tests.loginTest.launchApp(loginTest.java:20)
at com.vtiger.tests.loginTest.launchApp(loginTest.java:20)
at com.vtiger.tests.loginTest.launchApp(loginTest.java:20)
at com.vtiger.tests.loginTest.launchApp(loginTest.java:20)
at com.vtiger.tests.loginTest.launchApp(loginTest.java:20)
at com.vtiger.tests.loginTest.launchApp(loginTest.java:20)
at com.vtiger.tests.loginTest.launchApp(loginTest.java:20)
at com.vtiger.tests.loginTest.launchApp(loginTest.java:20)
at com.vtiger.tests.loginTest.launchApp(loginTest.java:20)
at com.vtiger.tests.loginTest.launchApp(loginTest.java:20)
at com.vtiger.tests.loginTest.launchApp(loginTest.java:20)
at com.vtiger.tests.loginTest.launchApp(loginTest.java:20)
at com.vtiger.tests.loginTest.launchApp(loginTest.java:20)
at com.vtiger.tests.loginTest.launchApp(loginTest.java:20)
at com.vtiger.tests.loginTest.launchApp(loginTest.java:20)
at com.vtiger.tests.loginTest.launchApp(loginTest.java:20)
at com.vtiger.tests.loginTest.launchApp(loginTest.java:20)
at com.vtiger.tests.loginTest.launchApp(loginTest.java:20)
at com.vtiger.tests.loginTest.launchApp(loginTest.java:20)
at com.vtiger.tests.loginTest.launchApp(loginTest.java:20)
at com.vtiger.tests.loginTest.launchApp(loginTest.java:20)
at com.vtiger.tests.loginTest.launchApp(loginTest.java:20)
at com.vtiger.tests.loginTest.launchApp(loginTest.java:20)
at com.vtiger.tests.loginTest.launchApp(loginTest.java:20)
at com.vtiger.tests.loginTest.launchApp(loginTest.java:20)
at com.vtiger.tests.loginTest.launchApp(loginTest.java:20)
at com.vtiger.tests.loginTest.launchApp(loginTest.java:20)
at com.vtiger.tests.loginTest.launchApp(loginTest.java:20)
at com.vtiger.tests.loginTest.launchApp(loginTest.java:20)
at com.vtiger.tests.loginTest.launchApp(loginTest.java:20)
at com.vtiger.tests.loginTest.launchApp(loginTest.java:20)
at com.vtiger.tests.loginTest.launchApp(loginTest.java:20)
at com.vtiger.tests.loginTest.launchApp(loginTest.java:20)
at com.vtiger.tests.loginTest.launchApp(loginTest.java:20)
at com.vtiger.tests.loginTest.launchApp(loginTest.java:20)
at com.vtiger.tests.loginTest.launchApp(loginTest.java:20)
at com.vtiger.tests.loginTest.launchApp(loginTest.java:20)
at com.vtiger.tests.loginTest.launchApp(loginTest.java:20)
at com.vtiger.tests.loginTest.launchApp(loginTest.java:20)
at com.vtiger.tests.loginTest.launchApp(loginTest.java:20)
at com.vtiger.tests.loginTest.launchApp(loginTest.java:20)
at com.vtiger.tests.loginTest.launchApp(loginTest.java:20)
at com.vtiger.tests.loginTest.launchApp(loginTest.java:20)
at com.vtiger.tests.loginTest.launchApp(loginTest.java:20)
at com.vtiger.tests.loginTest.launchApp(loginTest.java:20)
at com.vtiger.tests.loginTest.launchApp(loginTest.java:20)
at com.vtiger.tests.loginTest.launchApp(loginTest.java:20)
at com.vtiger.tests.loginTest.launchApp(loginTest.java:20)
at com.vtiger.tests.loginTest.launchApp(loginTest.java:20)
at com.vtiger.tests.loginTest.launchApp(loginTest.java:20)
at com.vtiger.tests.loginTest.launchApp(loginTest.java:20)
at com.vtiger.tests.loginTest.launchApp(loginTest.java:20)
at com.vtiger.tests.loginTest.launchApp(loginTest.java:20)
at com.vtiger.tests.loginTest.launchApp(loginTest.java:20)
at com.vtiger.tests.loginTest.launchApp(loginTest.java:20)
at com.vtiger.tests.loginTest.launchApp(loginTest.java:20)
at com.vtiger.tests.loginTest.launchApp(loginTest.java:20)
at com.vtiger.tests.loginTest.launchApp(loginTest.java:20)
at com.vtiger.tests.loginTest.launchApp(loginTest.java:20)
at com.vtiger.tests.loginTest.launchApp(loginTest.java:20)
at com.vtiger.tests.loginTest.launchApp(loginTest.java:20)
at com.vtiger.tests.loginTest.launchApp(loginTest.java:20)
at com.vtiger.tests.loginTest.launchApp(loginTest.java:20)
at com.vtiger.tests.loginTest.launchApp(loginTest.java:20)
at com.vtiger.tests.loginTest.launchApp(loginTest.java:20)
at com.vtiger.tests.loginTest.launchApp(loginTest.java:20)
at com.vtiger.tests.loginTest.launchApp(loginTest.java:20)
at com.vtiger.tests.loginTest.launchApp(loginTest.java:20)
at com.vtiger.tests.loginTest.launchApp(loginTest.java:20)
at com.vtiger.tests.loginTest.launchApp(loginTest.java:20)
at com.vtiger.tests.loginTest.launchApp(loginTest.java:20)
at com.vtiger.tests.loginTest.launchApp(loginTest.java:20)
at com.vtiger.tests.loginTest.launchApp(loginTest.java:20)
at com.vtiger.tests.loginTest.launchApp(loginTest.java:20)
at com.vtiger.tests.loginTest.launchApp(loginTest.java:20)
at com.vtiger.tests.loginTest.launchApp(loginTest.java:20)
at com.vtiger.tests.loginTest.launchApp(loginTest.java:20)
at com.vtiger.tests.loginTest.launchApp(loginTest.java:20)
at com.vtiger.tests.loginTest.launchApp(loginTest.java:20)
at com.vtiger.tests.loginTest.launchApp(loginTest.java:20)
at com.vtiger.tests.loginTest.launchApp(loginTest.java:20)
at com.vtiger.tests.loginTest.launchApp(loginTest.java:20)
at com.vtiger.tests.loginTest.launchApp(loginTest.java:20)
at com.vtiger.tests.loginTest.launchApp(loginTest.java:20)
at com.vtiger.tests.loginTest.launchApp(loginTest.java:20)
at com.vtiger.tests.loginTest.launchApp(loginTest.java:20)
at com.vtiger.tests.loginTest.launchApp(loginTest.java:20)
at com.vtiger.tests.loginTest.launchApp(loginTest.java:20)
at com.vtiger.tests.loginTest.launchApp(loginTest.java:20)
at com.vtiger.tests.loginTest.launchApp(loginTest.java:20)
at com.vtiger.tests.loginTest.launchApp(loginTest.java:20)
at com.vtiger.tests.loginTest.launchApp(loginTest.java:20)
at com.vtiger.tests.loginTest.launchApp(loginTest.java:20)
at com.vtiger.tests.loginTest.launchApp(loginTest.java:20)
at com.vtiger.tests.loginTest.launchApp(loginTest.java:20)
at com.vtiger.tests.loginTest.launchApp(loginTest.java:20)
at com.vtiger.tests.loginTest.launchApp(loginTest.java:20)
at com.vtiger.tests.loginTest.launchApp(loginTest.java:20)
at com.vtiger.tests.loginTest.launchApp(loginTest.java:20)
at com.vtiger.tests.loginTest.launchApp(loginTest.java:20)
at com.vtiger.tests.loginTest.launchApp(loginTest.java:20)
at com.vtiger.tests.loginTest.launchApp(loginTest.java:20)
at com.vtiger.tests.loginTest.launchApp(loginTest.java:20)
at com.vtiger.tests.loginTest.launchApp(loginTest.java:20)
at com.vtiger.tests.loginTest.launchApp(loginTest.java:20)
at com.vtiger.tests.loginTest.launchApp(loginTest.java:20)
at com.vtiger.tests.loginTest.launchApp(loginTest.java:20)
at com.vtiger.tests.loginTest.launchApp(loginTest.java:20)
at com.vtiger.tests.loginTest.launchApp(loginTest.java:20)
at com.vtiger.tests.loginTest.launchApp(loginTest.java:20)
at com.vtiger.tests.loginTest.launchApp(loginTest.java:20)
at com.vtiger.tests.loginTest.launchApp(loginTest.java:20)
at com.vtiger.tests.loginTest.launchApp(loginTest.java:20)
at com.vtiger.tests.loginTest.launchApp(loginTest.java:20)
at com.vtiger.tests.loginTest.launchApp(loginTest.java:20)
at com.vtiger.tests.loginTest.launchApp(loginTest.java:20)
at com.vtiger.tests.loginTest.launchApp(loginTest.java:20)
at com.vtiger.tests.loginTest.launchApp(loginTest.java:20)
at com.vtiger.tests.loginTest.launchApp(loginTest.java:20)
at com.vtiger.tests.loginTest.launchApp(loginTest.java:20)
at com.vtiger.tests.loginTest.launchApp(loginTest.java:20)
at com.vtiger.tests.loginTest.launchApp(loginTest.java:20)
at com.vtiger.tests.loginTest.launchApp(loginTest.java:20)
at com.vtiger.tests.loginTest.launchApp(loginTest.java:20)
at com.vtiger.tests.loginTest.launchApp(loginTest.java:20)
at com.vtiger.tests.loginTest.launchApp(loginTest.java:20)
at com.vtiger.tests.loginTest.launchApp(loginTest.java:20)
at com.vtiger.tests.loginTest.launchApp(loginTest.java:20)
at com.vtiger.tests.loginTest.launchApp(loginTest.java:20)
at com.vtiger.tests.loginTest.launchApp(loginTest.java:20)
at com.vtiger.tests.loginTest.launchApp(loginTest.java:20)
at com.vtiger.tests.loginTest.launchApp(loginTest.java:20)
at com.vtiger.tests.loginTest.launchApp(loginTest.java:20)
at com.vtiger.tests.loginTest.launchApp(loginTest.java:20)
at com.vtiger.tests.loginTest.launchApp(loginTest.java:20)
at com.vtiger.tests.loginTest.launchApp(loginTest.java:20)
at com.vtiger.tests.loginTest.launchApp(loginTest.java:20)
at com.vtiger.tests.loginTest.launchApp(loginTest.java:20)
at com.vtiger.tests.loginTest.launchApp(loginTest.java:20)
at com.vtiger.tests.loginTest.launchApp(loginTest.java:20)
at com.vtiger.tests.loginTest.launchApp(loginTest.java:20)
at com.vtiger.tests.loginTest.launchApp(loginTest.java:20)
at com.vtiger.tests.loginTest.launchApp(loginTest.java:20)
at com.vtiger.tests.loginTest.launchApp(loginTest.java:20)
at com.vtiger.tests.loginTest.launchApp(loginTest.java:20)
at com.vtiger.tests.loginTest.launchApp(loginTest.java:20)
at com.vtiger.tests.loginTest.launchApp(loginTest.java:20)
at com.vtiger.tests.loginTest.launchApp(loginTest.java:20)
at com.vtiger.tests.loginTest.launchApp(loginTest.java:20)
at com.vtiger.tests.loginTest.launchApp(loginTest.java:20)
at com.vtiger.tests.loginTest.launchApp(loginTest.java:20)
at com.vtiger.tests.loginTest.launchApp(loginTest.java:20)
at com.vtiger.tests.loginTest.launchApp(loginTest.java:20)
at com.vtiger.tests.loginTest.launchApp(loginTest.java:20)
at com.vtiger.tests.loginTest.launchApp(loginTest.java:20)
at com.vtiger.tests.loginTest.launchApp(loginTest.java:20)
at com.vtiger.tests.loginTest.launchApp(loginTest.java:20)
at com.vtiger.tests.loginTest.launchApp(loginTest.java:20)
at com.vtiger.tests.loginTest.launchApp(loginTest.java:20)
at com.vtiger.tests.loginTest.launchApp(loginTest.java:20)
at com.vtiger.tests.loginTest.launchApp(loginTest.java:20)
at com.vtiger.tests.loginTest.launchApp(loginTest.java:20)
at com.vtiger.tests.loginTest.launchApp(loginTest.java:20)
at com.vtiger.tests.loginTest.launchApp(loginTest.java:20)
at com.vtiger.tests.loginTest.launchApp(loginTest.java:20)
at com.vtiger.tests.loginTest.launchApp(loginTest.java:20)
at com.vtiger.tests.loginTest.launchApp(loginTest.java:20)
at com.vtiger.tests.loginTest.launchApp(loginTest.java:20)
at com.vtiger.tests.loginTest.launchApp(loginTest.java:20)
at com.vtiger.tests.loginTest.launchApp(loginTest.java:20)
at com.vtiger.tests.loginTest.launchApp(loginTest.java:20)
at com.vtiger.tests.loginTest.launchApp(loginTest.java:20)
at com.vtiger.tests.loginTest.launchApp(loginTest.java:20)
at com.vtiger.tests.loginTest.launchApp(loginTest.java:20)
at com.vtiger.tests.loginTest.launchApp(loginTest.java:20)
]]>
    </failure>
  </testcase> <!-- @BeforeClass launchApp -->
  <testcase name="@AfterClass tierdown" time="0.0" classname="com.vtiger.tests.loginTest">
    <skipped/>
  </testcase> <!-- @AfterClass tierdown -->
  <testcase name="Testcase1_verifyTitle" time="0.0" classname="com.vtiger.tests.loginTest">
    <skipped/>
  </testcase> <!-- Testcase1_verifyTitle -->
  <testcase name="Testcase2_verifyLogo" time="0.0" classname="com.vtiger.tests.loginTest">
    <skipped/>
  </testcase> <!-- Testcase2_verifyLogo -->
  <testcase name="Testcase3_InvalidLogin" time="0.0" classname="com.vtiger.tests.loginTest">
    <skipped/>
  </testcase> <!-- Testcase3_InvalidLogin -->
  <testcase name="Testcase4_Login" time="0.0" classname="com.vtiger.tests.loginTest">
    <skipped/>
  </testcase> <!-- Testcase4_Login -->
</testsuite> <!-- Test -->
