<?xml version="1.0" encoding="UTF-8"?>
<testng-results skipped="4" failed="0" ignored="0" total="4" passed="0">
  <reporter-output>
  </reporter-output>
  <suite name="Suite" duration-ms="40147" started-at="2019-11-02T04:57:02Z" finished-at="2019-11-02T04:57:42Z">
    <groups>
    </groups>
    <test name="Test" duration-ms="40147" started-at="2019-11-02T04:57:02Z" finished-at="2019-11-02T04:57:42Z">
      <class name="com.vtiger.tests.loginTest">
        <test-method status="FAIL" signature="launchApp()[pri:0, instance:com.vtiger.tests.loginTest@60285225]" name="launchApp" is-config="true" duration-ms="39882" started-at="2019-11-02T04:57:02Z" finished-at="2019-11-02T04:57:42Z">
          <exception class="java.lang.StackOverflowError">
            <full-stacktrace>
              <![CDATA[java.lang.StackOverflowError
at java.io.WinNTFileSystem.normalizePrefix(WinNTFileSystem.java:186)
at java.io.WinNTFileSystem.normalize(WinNTFileSystem.java:111)
at java.io.WinNTFileSystem.normalize(WinNTFileSystem.java:93)
at java.io.File.<init>(File.java:279)
at java.io.FilePermission$1.run(FilePermission.java:215)
at java.io.FilePermission$1.run(FilePermission.java:203)
at java.security.AccessController.doPrivileged(Native Method)
at java.io.FilePermission.init(FilePermission.java:203)
at java.io.FilePermission.<init>(FilePermission.java:277)
at sun.net.www.protocol.file.FileURLConnection.getPermission(FileURLConnection.java:228)
at sun.net.www.protocol.jar.JarFileFactory.getPermission(JarFileFactory.java:166)
at sun.net.www.protocol.jar.JarFileFactory.getCachedJarFile(JarFileFactory.java:136)
at sun.net.www.protocol.jar.JarFileFactory.get(JarFileFactory.java:91)
at sun.net.www.protocol.jar.JarURLConnection.connect(JarURLConnection.java:122)
at sun.net.www.protocol.jar.JarURLConnection.getInputStream(JarURLConnection.java:152)
at java.net.URLClassLoader.getResourceAsStream(URLClassLoader.java:238)
at com.relevantcodes.extentreports.support.Resources.getText(Resources.java:19)
at com.relevantcodes.extentreports.ReportInstance.initialize(ReportInstance.java:152)
at com.relevantcodes.extentreports.ExtentReports.<init>(ExtentReports.java:45)
at com.relevantcodes.extentreports.ExtentReports.<init>(ExtentReports.java:109)
at com.vtiger.common.CommonFunction.setupResult(CommonFunction.java:25)
at com.vtiger.tests.baseTest.createtestReport(baseTest.java:36)
at com.vtiger.tests.loginTest.launchApp(loginTest.java:19)
at com.vtiger.tests.loginTest.launchApp(loginTest.java:20)
at com.vtiger.tests.loginTest.launchApp(loginTest.java:20)
at com.vtiger.tests.loginTest.launchApp(loginTest.java:20)
at com.vtiger.tests.loginTest.launchApp(loginTest.java:20)
at com.vtiger.tests.loginTest.launchApp(loginTest.java:20)
at com.vtiger.tests.loginTest.launchApp(loginTest.java:20)
at com.vtiger.tests.loginTest.launchApp(loginTest.java:20)
at com.vtiger.tests.loginTest.launchApp(loginTest.java:20)
at com.vtiger.tests.loginTest.launchApp(loginTest.java:20)
at com.vtiger.tests.loginTest.launchApp(loginTest.java:20)
at com.vtiger.tests.loginTest.launchApp(loginTest.java:20)
at com.vtiger.tests.loginTest.launchApp(loginTest.java:20)
at com.vtiger.tests.loginTest.launchApp(loginTest.java:20)
at com.vtiger.tests.loginTest.launchApp(loginTest.java:20)
at com.vtiger.tests.loginTest.launchApp(loginTest.java:20)
at com.vtiger.tests.loginTest.launchApp(loginTest.java:20)
at com.vtiger.tests.loginTest.launchApp(loginTest.java:20)
at com.vtiger.tests.loginTest.launchApp(loginTest.java:20)
at com.vtiger.tests.loginTest.launchApp(loginTest.java:20)
at com.vtiger.tests.loginTest.launchApp(loginTest.java:20)
at com.vtiger.tests.loginTest.launchApp(loginTest.java:20)
at com.vtiger.tests.loginTest.launchApp(loginTest.java:20)
at com.vtiger.tests.loginTest.launchApp(loginTest.java:20)
at com.vtiger.tests.loginTest.launchApp(loginTest.java:20)
at com.vtiger.tests.loginTest.launchApp(loginTest.java:20)
at com.vtiger.tests.loginTest.launchApp(loginTest.java:20)
at com.vtiger.tests.loginTest.launchApp(loginTest.java:20)
at com.vtiger.tests.loginTest.launchApp(loginTest.java:20)
at com.vtiger.tests.loginTest.launchApp(loginTest.java:20)
at com.vtiger.tests.loginTest.launchApp(loginTest.java:20)
at com.vtiger.tests.loginTest.launchApp(loginTest.java:20)
at com.vtiger.tests.loginTest.launchApp(loginTest.java:20)
at com.vtiger.tests.loginTest.launchApp(loginTest.java:20)
at com.vtiger.tests.loginTest.launchApp(loginTest.java:20)
at com.vtiger.tests.loginTest.launchApp(loginTest.java:20)
at com.vtiger.tests.loginTest.launchApp(loginTest.java:20)
at com.vtiger.tests.loginTest.launchApp(loginTest.java:20)
at com.vtiger.tests.loginTest.launchApp(loginTest.java:20)
at com.vtiger.tests.loginTest.launchApp(loginTest.java:20)
at com.vtiger.tests.loginTest.launchApp(loginTest.java:20)
at com.vtiger.tests.loginTest.launchApp(loginTest.java:20)
at com.vtiger.tests.loginTest.launchApp(loginTest.java:20)
at com.vtiger.tests.loginTest.launchApp(loginTest.java:20)
at com.vtiger.tests.loginTest.launchApp(loginTest.java:20)
at com.vtiger.tests.loginTest.launchApp(loginTest.java:20)
at com.vtiger.tests.loginTest.launchApp(loginTest.java:20)
at com.vtiger.tests.loginTest.launchApp(loginTest.java:20)
at com.vtiger.tests.loginTest.launchApp(loginTest.java:20)
at com.vtiger.tests.loginTest.launchApp(loginTest.java:20)
at com.vtiger.tests.loginTest.launchApp(loginTest.java:20)
at com.vtiger.tests.loginTest.launchApp(loginTest.java:20)
at com.vtiger.tests.loginTest.launchApp(loginTest.java:20)
at com.vtiger.tests.loginTest.launchApp(loginTest.java:20)
at com.vtiger.tests.loginTest.launchApp(loginTest.java:20)
at com.vtiger.tests.loginTest.launchApp(loginTest.java:20)
at com.vtiger.tests.loginTest.launchApp(loginTest.java:20)
at com.vtiger.tests.loginTest.launchApp(loginTest.java:20)
at com.vtiger.tests.loginTest.launchApp(loginTest.java:20)
at com.vtiger.tests.loginTest.launchApp(loginTest.java:20)
at com.vtiger.tests.loginTest.launchApp(loginTest.java:20)
at com.vtiger.tests.loginTest.launchApp(loginTest.java:20)
at com.vtiger.tests.loginTest.launchApp(loginTest.java:20)
at com.vtiger.tests.loginTest.launchApp(loginTest.java:20)
at com.vtiger.tests.loginTest.launchApp(loginTest.java:20)
at com.vtiger.tests.loginTest.launchApp(loginTest.java:20)
at com.vtiger.tests.loginTest.launchApp(loginTest.java:20)
at com.vtiger.tests.loginTest.launchApp(loginTest.java:20)
at com.vtiger.tests.loginTest.launchApp(loginTest.java:20)
at com.vtiger.tests.loginTest.launchApp(loginTest.java:20)
at com.vtiger.tests.loginTest.launchApp(loginTest.java:20)
at com.vtiger.tests.loginTest.launchApp(loginTest.java:20)
at com.vtiger.tests.loginTest.launchApp(loginTest.java:20)
at com.vtiger.tests.loginTest.launchApp(loginTest.java:20)
at com.vtiger.tests.loginTest.launchApp(loginTest.java:20)
at com.vtiger.tests.loginTest.launchApp(loginTest.java:20)
at com.vtiger.tests.loginTest.launchApp(loginTest.java:20)
at com.vtiger.tests.loginTest.launchApp(loginTest.java:20)
at com.vtiger.tests.loginTest.launchApp(loginTest.java:20)
at com.vtiger.tests.loginTest.launchApp(loginTest.java:20)
at com.vtiger.tests.loginTest.launchApp(loginTest.java:20)
at com.vtiger.tests.loginTest.launchApp(loginTest.java:20)
at com.vtiger.tests.loginTest.launchApp(loginTest.java:20)
at com.vtiger.tests.loginTest.launchApp(loginTest.java:20)
at com.vtiger.tests.loginTest.launchApp(loginTest.java:20)
at com.vtiger.tests.loginTest.launchApp(loginTest.java:20)
at com.vtiger.tests.loginTest.launchApp(loginTest.java:20)
at com.vtiger.tests.loginTest.launchApp(loginTest.java:20)
at com.vtiger.tests.loginTest.launchApp(loginTest.java:20)
at com.vtiger.tests.loginTest.launchApp(loginTest.java:20)
at com.vtiger.tests.loginTest.launchApp(loginTest.java:20)
at com.vtiger.tests.loginTest.launchApp(loginTest.java:20)
at com.vtiger.tests.loginTest.launchApp(loginTest.java:20)
at com.vtiger.tests.loginTest.launchApp(loginTest.java:20)
at com.vtiger.tests.loginTest.launchApp(loginTest.java:20)
at com.vtiger.tests.loginTest.launchApp(loginTest.java:20)
at com.vtiger.tests.loginTest.launchApp(loginTest.java:20)
at com.vtiger.tests.loginTest.launchApp(loginTest.java:20)
at com.vtiger.tests.loginTest.launchApp(loginTest.java:20)
at com.vtiger.tests.loginTest.launchApp(loginTest.java:20)
at com.vtiger.tests.loginTest.launchApp(loginTest.java:20)
at com.vtiger.tests.loginTest.launchApp(loginTest.java:20)
at com.vtiger.tests.loginTest.launchApp(loginTest.java:20)
at com.vtiger.tests.loginTest.launchApp(loginTest.java:20)
at com.vtiger.tests.loginTest.launchApp(loginTest.java:20)
at com.vtiger.tests.loginTest.launchApp(loginTest.java:20)
at com.vtiger.tests.loginTest.launchApp(loginTest.java:20)
at com.vtiger.tests.loginTest.launchApp(loginTest.java:20)
at com.vtiger.tests.loginTest.launchApp(loginTest.java:20)
at com.vtiger.tests.loginTest.launchApp(loginTest.java:20)
at com.vtiger.tests.loginTest.launchApp(loginTest.java:20)
at com.vtiger.tests.loginTest.launchApp(loginTest.java:20)
at com.vtiger.tests.loginTest.launchApp(loginTest.java:20)
at com.vtiger.tests.loginTest.launchApp(loginTest.java:20)
at com.vtiger.tests.loginTest.launchApp(loginTest.java:20)
at com.vtiger.tests.loginTest.launchApp(loginTest.java:20)
at com.vtiger.tests.loginTest.launchApp(loginTest.java:20)
at com.vtiger.tests.loginTest.launchApp(loginTest.java:20)
at com.vtiger.tests.loginTest.launchApp(loginTest.java:20)
at com.vtiger.tests.loginTest.launchApp(loginTest.java:20)
at com.vtiger.tests.loginTest.launchApp(loginTest.java:20)
at com.vtiger.tests.loginTest.launchApp(loginTest.java:20)
at com.vtiger.tests.loginTest.launchApp(loginTest.java:20)
at com.vtiger.tests.loginTest.launchApp(loginTest.java:20)
at com.vtiger.tests.loginTest.launchApp(loginTest.java:20)
at com.vtiger.tests.loginTest.launchApp(loginTest.java:20)
at com.vtiger.tests.loginTest.launchApp(loginTest.java:20)
at com.vtiger.tests.loginTest.launchApp(loginTest.java:20)
at com.vtiger.tests.loginTest.launchApp(loginTest.java:20)
at com.vtiger.tests.loginTest.launchApp(loginTest.java:20)
at com.vtiger.tests.loginTest.launchApp(loginTest.java:20)
at com.vtiger.tests.loginTest.launchApp(loginTest.java:20)
at com.vtiger.tests.loginTest.launchApp(loginTest.java:20)
at com.vtiger.tests.loginTest.launchApp(loginTest.java:20)
at com.vtiger.tests.loginTest.launchApp(loginTest.java:20)
at com.vtiger.tests.loginTest.launchApp(loginTest.java:20)
at com.vtiger.tests.loginTest.launchApp(loginTest.java:20)
at com.vtiger.tests.loginTest.launchApp(loginTest.java:20)
at com.vtiger.tests.loginTest.launchApp(loginTest.java:20)
at com.vtiger.tests.loginTest.launchApp(loginTest.java:20)
at com.vtiger.tests.loginTest.launchApp(loginTest.java:20)
at com.vtiger.tests.loginTest.launchApp(loginTest.java:20)
at com.vtiger.tests.loginTest.launchApp(loginTest.java:20)
at com.vtiger.tests.loginTest.launchApp(loginTest.java:20)
at com.vtiger.tests.loginTest.launchApp(loginTest.java:20)
at com.vtiger.tests.loginTest.launchApp(loginTest.java:20)
at com.vtiger.tests.loginTest.launchApp(loginTest.java:20)
at com.vtiger.tests.loginTest.launchApp(loginTest.java:20)
at com.vtiger.tests.loginTest.launchApp(loginTest.java:20)
at com.vtiger.tests.loginTest.launchApp(loginTest.java:20)
at com.vtiger.tests.loginTest.launchApp(loginTest.java:20)
at com.vtiger.tests.loginTest.launchApp(loginTest.java:20)
at com.vtiger.tests.loginTest.launchApp(loginTest.java:20)
at com.vtiger.tests.loginTest.launchApp(loginTest.java:20)
at com.vtiger.tests.loginTest.launchApp(loginTest.java:20)
at com.vtiger.tests.loginTest.launchApp(loginTest.java:20)
at com.vtiger.tests.loginTest.launchApp(loginTest.java:20)
at com.vtiger.tests.loginTest.launchApp(loginTest.java:20)
at com.vtiger.tests.loginTest.launchApp(loginTest.java:20)
at com.vtiger.tests.loginTest.launchApp(loginTest.java:20)
at com.vtiger.tests.loginTest.launchApp(loginTest.java:20)
at com.vtiger.tests.loginTest.launchApp(loginTest.java:20)
at com.vtiger.tests.loginTest.launchApp(loginTest.java:20)
at com.vtiger.tests.loginTest.launchApp(loginTest.java:20)
at com.vtiger.tests.loginTest.launchApp(loginTest.java:20)
at com.vtiger.tests.loginTest.launchApp(loginTest.java:20)
at com.vtiger.tests.loginTest.launchApp(loginTest.java:20)
at com.vtiger.tests.loginTest.launchApp(loginTest.java:20)
at com.vtiger.tests.loginTest.launchApp(loginTest.java:20)
at com.vtiger.tests.loginTest.launchApp(loginTest.java:20)
at com.vtiger.tests.loginTest.launchApp(loginTest.java:20)
at com.vtiger.tests.loginTest.launchApp(loginTest.java:20)
at com.vtiger.tests.loginTest.launchApp(loginTest.java:20)
at com.vtiger.tests.loginTest.launchApp(loginTest.java:20)
at com.vtiger.tests.loginTest.launchApp(loginTest.java:20)
at com.vtiger.tests.loginTest.launchApp(loginTest.java:20)
at com.vtiger.tests.loginTest.launchApp(loginTest.java:20)
at com.vtiger.tests.loginTest.launchApp(loginTest.java:20)
at com.vtiger.tests.loginTest.launchApp(loginTest.java:20)
at com.vtiger.tests.loginTest.launchApp(loginTest.java:20)
at com.vtiger.tests.loginTest.launchApp(loginTest.java:20)
at com.vtiger.tests.loginTest.launchApp(loginTest.java:20)
at com.vtiger.tests.loginTest.launchApp(loginTest.java:20)
at com.vtiger.tests.loginTest.launchApp(loginTest.java:20)
at com.vtiger.tests.loginTest.launchApp(loginTest.java:20)
at com.vtiger.tests.loginTest.launchApp(loginTest.java:20)
at com.vtiger.tests.loginTest.launchApp(loginTest.java:20)
at com.vtiger.tests.loginTest.launchApp(loginTest.java:20)
at com.vtiger.tests.loginTest.launchApp(loginTest.java:20)
at com.vtiger.tests.loginTest.launchApp(loginTest.java:20)
at com.vtiger.tests.loginTest.launchApp(loginTest.java:20)
at com.vtiger.tests.loginTest.launchApp(loginTest.java:20)
at com.vtiger.tests.loginTest.launchApp(loginTest.java:20)
at com.vtiger.tests.loginTest.launchApp(loginTest.java:20)
at com.vtiger.tests.loginTest.launchApp(loginTest.java:20)
at com.vtiger.tests.loginTest.launchApp(loginTest.java:20)
at com.vtiger.tests.loginTest.launchApp(loginTest.java:20)
at com.vtiger.tests.loginTest.launchApp(loginTest.java:20)
at com.vtiger.tests.loginTest.launchApp(loginTest.java:20)
at com.vtiger.tests.loginTest.launchApp(loginTest.java:20)
at com.vtiger.tests.loginTest.launchApp(loginTest.java:20)
at com.vtiger.tests.loginTest.launchApp(loginTest.java:20)
at com.vtiger.tests.loginTest.launchApp(loginTest.java:20)
at com.vtiger.tests.loginTest.launchApp(loginTest.java:20)
at com.vtiger.tests.loginTest.launchApp(loginTest.java:20)
at com.vtiger.tests.loginTest.launchApp(loginTest.java:20)
at com.vtiger.tests.loginTest.launchApp(loginTest.java:20)
at com.vtiger.tests.loginTest.launchApp(loginTest.java:20)
at com.vtiger.tests.loginTest.launchApp(loginTest.java:20)
at com.vtiger.tests.loginTest.launchApp(loginTest.java:20)
at com.vtiger.tests.loginTest.launchApp(loginTest.java:20)
at com.vtiger.tests.loginTest.launchApp(loginTest.java:20)
at com.vtiger.tests.loginTest.launchApp(loginTest.java:20)
at com.vtiger.tests.loginTest.launchApp(loginTest.java:20)
at com.vtiger.tests.loginTest.launchApp(loginTest.java:20)
at com.vtiger.tests.loginTest.launchApp(loginTest.java:20)
at com.vtiger.tests.loginTest.launchApp(loginTest.java:20)
at com.vtiger.tests.loginTest.launchApp(loginTest.java:20)
at com.vtiger.tests.loginTest.launchApp(loginTest.java:20)
at com.vtiger.tests.loginTest.launchApp(loginTest.java:20)
at com.vtiger.tests.loginTest.launchApp(loginTest.java:20)
at com.vtiger.tests.loginTest.launchApp(loginTest.java:20)
at com.vtiger.tests.loginTest.launchApp(loginTest.java:20)
at com.vtiger.tests.loginTest.launchApp(loginTest.java:20)
at com.vtiger.tests.loginTest.launchApp(loginTest.java:20)
at com.vtiger.tests.loginTest.launchApp(loginTest.java:20)
at com.vtiger.tests.loginTest.launchApp(loginTest.java:20)
at com.vtiger.tests.loginTest.launchApp(loginTest.java:20)
at com.vtiger.tests.loginTest.launchApp(loginTest.java:20)
at com.vtiger.tests.loginTest.launchApp(loginTest.java:20)
at com.vtiger.tests.loginTest.launchApp(loginTest.java:20)
at com.vtiger.tests.loginTest.launchApp(loginTest.java:20)
at com.vtiger.tests.loginTest.launchApp(loginTest.java:20)
at com.vtiger.tests.loginTest.launchApp(loginTest.java:20)
at com.vtiger.tests.loginTest.launchApp(loginTest.java:20)
at com.vtiger.tests.loginTest.launchApp(loginTest.java:20)
at com.vtiger.tests.loginTest.launchApp(loginTest.java:20)
at com.vtiger.tests.loginTest.launchApp(loginTest.java:20)
at com.vtiger.tests.loginTest.launchApp(loginTest.java:20)
at com.vtiger.tests.loginTest.launchApp(loginTest.java:20)
at com.vtiger.tests.loginTest.launchApp(loginTest.java:20)
at com.vtiger.tests.loginTest.launchApp(loginTest.java:20)
at com.vtiger.tests.loginTest.launchApp(loginTest.java:20)
at com.vtiger.tests.loginTest.launchApp(loginTest.java:20)
at com.vtiger.tests.loginTest.launchApp(loginTest.java:20)
at com.vtiger.tests.loginTest.launchApp(loginTest.java:20)
at com.vtiger.tests.loginTest.launchApp(loginTest.java:20)
at com.vtiger.tests.loginTest.launchApp(loginTest.java:20)
at com.vtiger.tests.loginTest.launchApp(loginTest.java:20)
at com.vtiger.tests.loginTest.launchApp(loginTest.java:20)
at com.vtiger.tests.loginTest.launchApp(loginTest.java:20)
at com.vtiger.tests.loginTest.launchApp(loginTest.java:20)
at com.vtiger.tests.loginTest.launchApp(loginTest.java:20)
at com.vtiger.tests.loginTest.launchApp(loginTest.java:20)
at com.vtiger.tests.loginTest.launchApp(loginTest.java:20)
at com.vtiger.tests.loginTest.launchApp(loginTest.java:20)
at com.vtiger.tests.loginTest.launchApp(loginTest.java:20)
at com.vtiger.tests.loginTest.launchApp(loginTest.java:20)
at com.vtiger.tests.loginTest.launchApp(loginTest.java:20)
at com.vtiger.tests.loginTest.launchApp(loginTest.java:20)
at com.vtiger.tests.loginTest.launchApp(loginTest.java:20)
at com.vtiger.tests.loginTest.launchApp(loginTest.java:20)
at com.vtiger.tests.loginTest.launchApp(loginTest.java:20)
at com.vtiger.tests.loginTest.launchApp(loginTest.java:20)
at com.vtiger.tests.loginTest.launchApp(loginTest.java:20)
at com.vtiger.tests.loginTest.launchApp(loginTest.java:20)
at com.vtiger.tests.loginTest.launchApp(loginTest.java:20)
at com.vtiger.tests.loginTest.launchApp(loginTest.java:20)
at com.vtiger.tests.loginTest.launchApp(loginTest.java:20)
at com.vtiger.tests.loginTest.launchApp(loginTest.java:20)
at com.vtiger.tests.loginTest.launchApp(loginTest.java:20)
at com.vtiger.tests.loginTest.launchApp(loginTest.java:20)
at com.vtiger.tests.loginTest.launchApp(loginTest.java:20)
at com.vtiger.tests.loginTest.launchApp(loginTest.java:20)
at com.vtiger.tests.loginTest.launchApp(loginTest.java:20)
at com.vtiger.tests.loginTest.launchApp(loginTest.java:20)
at com.vtiger.tests.loginTest.launchApp(loginTest.java:20)
at com.vtiger.tests.loginTest.launchApp(loginTest.java:20)
at com.vtiger.tests.loginTest.launchApp(loginTest.java:20)
at com.vtiger.tests.loginTest.launchApp(loginTest.java:20)
at com.vtiger.tests.loginTest.launchApp(loginTest.java:20)
at com.vtiger.tests.loginTest.launchApp(loginTest.java:20)
at com.vtiger.tests.loginTest.launchApp(loginTest.java:20)
at com.vtiger.tests.loginTest.launchApp(loginTest.java:20)
at com.vtiger.tests.loginTest.launchApp(loginTest.java:20)
at com.vtiger.tests.loginTest.launchApp(loginTest.java:20)
at com.vtiger.tests.loginTest.launchApp(loginTest.java:20)
at com.vtiger.tests.loginTest.launchApp(loginTest.java:20)
at com.vtiger.tests.loginTest.launchApp(loginTest.java:20)
at com.vtiger.tests.loginTest.launchApp(loginTest.java:20)
at com.vtiger.tests.loginTest.launchApp(loginTest.java:20)
at com.vtiger.tests.loginTest.launchApp(loginTest.java:20)
at com.vtiger.tests.loginTest.launchApp(loginTest.java:20)
at com.vtiger.tests.loginTest.launchApp(loginTest.java:20)
at com.vtiger.tests.loginTest.launchApp(loginTest.java:20)
at com.vtiger.tests.loginTest.launchApp(loginTest.java:20)
at com.vtiger.tests.loginTest.launchApp(loginTest.java:20)
at com.vtiger.tests.loginTest.launchApp(loginTest.java:20)
at com.vtiger.tests.loginTest.launchApp(loginTest.java:20)
at com.vtiger.tests.loginTest.launchApp(loginTest.java:20)
at com.vtiger.tests.loginTest.launchApp(loginTest.java:20)
at com.vtiger.tests.loginTest.launchApp(loginTest.java:20)
at com.vtiger.tests.loginTest.launchApp(loginTest.java:20)
at com.vtiger.tests.loginTest.launchApp(loginTest.java:20)
at com.vtiger.tests.loginTest.launchApp(loginTest.java:20)
at com.vtiger.tests.loginTest.launchApp(loginTest.java:20)
at com.vtiger.tests.loginTest.launchApp(loginTest.java:20)
at com.vtiger.tests.loginTest.launchApp(loginTest.java:20)
at com.vtiger.tests.loginTest.launchApp(loginTest.java:20)
at com.vtiger.tests.loginTest.launchApp(loginTest.java:20)
at com.vtiger.tests.loginTest.launchApp(loginTest.java:20)
at com.vtiger.tests.loginTest.launchApp(loginTest.java:20)
at com.vtiger.tests.loginTest.launchApp(loginTest.java:20)
at com.vtiger.tests.loginTest.launchApp(loginTest.java:20)
at com.vtiger.tests.loginTest.launchApp(loginTest.java:20)
at com.vtiger.tests.loginTest.launchApp(loginTest.java:20)
at com.vtiger.tests.loginTest.launchApp(loginTest.java:20)
at com.vtiger.tests.loginTest.launchApp(loginTest.java:20)
at com.vtiger.tests.loginTest.launchApp(loginTest.java:20)
at com.vtiger.tests.loginTest.launchApp(loginTest.java:20)
at com.vtiger.tests.loginTest.launchApp(loginTest.java:20)
at com.vtiger.tests.loginTest.launchApp(loginTest.java:20)
at com.vtiger.tests.loginTest.launchApp(loginTest.java:20)
at com.vtiger.tests.loginTest.launchApp(loginTest.java:20)
at com.vtiger.tests.loginTest.launchApp(loginTest.java:20)
at com.vtiger.tests.loginTest.launchApp(loginTest.java:20)
at com.vtiger.tests.loginTest.launchApp(loginTest.java:20)
at com.vtiger.tests.loginTest.launchApp(loginTest.java:20)
at com.vtiger.tests.loginTest.launchApp(loginTest.java:20)
at com.vtiger.tests.loginTest.launchApp(loginTest.java:20)
at com.vtiger.tests.loginTest.launchApp(loginTest.java:20)
at com.vtiger.tests.loginTest.launchApp(loginTest.java:20)
at com.vtiger.tests.loginTest.launchApp(loginTest.java:20)
at com.vtiger.tests.loginTest.launchApp(loginTest.java:20)
at com.vtiger.tests.loginTest.launchApp(loginTest.java:20)
at com.vtiger.tests.loginTest.launchApp(loginTest.java:20)
at com.vtiger.tests.loginTest.launchApp(loginTest.java:20)
at com.vtiger.tests.loginTest.launchApp(loginTest.java:20)
at com.vtiger.tests.loginTest.launchApp(loginTest.java:20)
at com.vtiger.tests.loginTest.launchApp(loginTest.java:20)
at com.vtiger.tests.loginTest.launchApp(loginTest.java:20)
at com.vtiger.tests.loginTest.launchApp(loginTest.java:20)
at com.vtiger.tests.loginTest.launchApp(loginTest.java:20)
at com.vtiger.tests.loginTest.launchApp(loginTest.java:20)
at com.vtiger.tests.loginTest.launchApp(loginTest.java:20)
at com.vtiger.tests.loginTest.launchApp(loginTest.java:20)
at com.vtiger.tests.loginTest.launchApp(loginTest.java:20)
at com.vtiger.tests.loginTest.launchApp(loginTest.java:20)
at com.vtiger.tests.loginTest.launchApp(loginTest.java:20)
at com.vtiger.tests.loginTest.launchApp(loginTest.java:20)
at com.vtiger.tests.loginTest.launchApp(loginTest.java:20)
at com.vtiger.tests.loginTest.launchApp(loginTest.java:20)
at com.vtiger.tests.loginTest.launchApp(loginTest.java:20)
at com.vtiger.tests.loginTest.launchApp(loginTest.java:20)
at com.vtiger.tests.loginTest.launchApp(loginTest.java:20)
at com.vtiger.tests.loginTest.launchApp(loginTest.java:20)
at com.vtiger.tests.loginTest.launchApp(loginTest.java:20)
at com.vtiger.tests.loginTest.launchApp(loginTest.java:20)
at com.vtiger.tests.loginTest.launchApp(loginTest.java:20)
at com.vtiger.tests.loginTest.launchApp(loginTest.java:20)
at com.vtiger.tests.loginTest.launchApp(loginTest.java:20)
at com.vtiger.tests.loginTest.launchApp(loginTest.java:20)
at com.vtiger.tests.loginTest.launchApp(loginTest.java:20)
at com.vtiger.tests.loginTest.launchApp(loginTest.java:20)
at com.vtiger.tests.loginTest.launchApp(loginTest.java:20)
at com.vtiger.tests.loginTest.launchApp(loginTest.java:20)
at com.vtiger.tests.loginTest.launchApp(loginTest.java:20)
at com.vtiger.tests.loginTest.launchApp(loginTest.java:20)
at com.vtiger.tests.loginTest.launchApp(loginTest.java:20)
at com.vtiger.tests.loginTest.launchApp(loginTest.java:20)
at com.vtiger.tests.loginTest.launchApp(loginTest.java:20)
at com.vtiger.tests.loginTest.launchApp(loginTest.java:20)
at com.vtiger.tests.loginTest.launchApp(loginTest.java:20)
at com.vtiger.tests.loginTest.launchApp(loginTest.java:20)
at com.vtiger.tests.loginTest.launchApp(loginTest.java:20)
at com.vtiger.tests.loginTest.launchApp(loginTest.java:20)
at com.vtiger.tests.loginTest.launchApp(loginTest.java:20)
at com.vtiger.tests.loginTest.launchApp(loginTest.java:20)
at com.vtiger.tests.loginTest.launchApp(loginTest.java:20)
at com.vtiger.tests.loginTest.launchApp(loginTest.java:20)
at com.vtiger.tests.loginTest.launchApp(loginTest.java:20)
at com.vtiger.tests.loginTest.launchApp(loginTest.java:20)
at com.vtiger.tests.loginTest.launchApp(loginTest.java:20)
at com.vtiger.tests.loginTest.launchApp(loginTest.java:20)
at com.vtiger.tests.loginTest.launchApp(loginTest.java:20)
at com.vtiger.tests.loginTest.launchApp(loginTest.java:20)
at com.vtiger.tests.loginTest.launchApp(loginTest.java:20)
at com.vtiger.tests.loginTest.launchApp(loginTest.java:20)
at com.vtiger.tests.loginTest.launchApp(loginTest.java:20)
at com.vtiger.tests.loginTest.launchApp(loginTest.java:20)
at com.vtiger.tests.loginTest.launchApp(loginTest.java:20)
at com.vtiger.tests.loginTest.launchApp(loginTest.java:20)
at com.vtiger.tests.loginTest.launchApp(loginTest.java:20)
at com.vtiger.tests.loginTest.launchApp(loginTest.java:20)
at com.vtiger.tests.loginTest.launchApp(loginTest.java:20)
at com.vtiger.tests.loginTest.launchApp(loginTest.java:20)
at com.vtiger.tests.loginTest.launchApp(loginTest.java:20)
at com.vtiger.tests.loginTest.launchApp(loginTest.java:20)
at com.vtiger.tests.loginTest.launchApp(loginTest.java:20)
at com.vtiger.tests.loginTest.launchApp(loginTest.java:20)
at com.vtiger.tests.loginTest.launchApp(loginTest.java:20)
at com.vtiger.tests.loginTest.launchApp(loginTest.java:20)
at com.vtiger.tests.loginTest.launchApp(loginTest.java:20)
at com.vtiger.tests.loginTest.launchApp(loginTest.java:20)
at com.vtiger.tests.loginTest.launchApp(loginTest.java:20)
at com.vtiger.tests.loginTest.launchApp(loginTest.java:20)
at com.vtiger.tests.loginTest.launchApp(loginTest.java:20)
at com.vtiger.tests.loginTest.launchApp(loginTest.java:20)
at com.vtiger.tests.loginTest.launchApp(loginTest.java:20)
at com.vtiger.tests.loginTest.launchApp(loginTest.java:20)
at com.vtiger.tests.loginTest.launchApp(loginTest.java:20)
at com.vtiger.tests.loginTest.launchApp(loginTest.java:20)
at com.vtiger.tests.loginTest.launchApp(loginTest.java:20)
at com.vtiger.tests.loginTest.launchApp(loginTest.java:20)
at com.vtiger.tests.loginTest.launchApp(loginTest.java:20)
at com.vtiger.tests.loginTest.launchApp(loginTest.java:20)
at com.vtiger.tests.loginTest.launchApp(loginTest.java:20)
at com.vtiger.tests.loginTest.launchApp(loginTest.java:20)
at com.vtiger.tests.loginTest.launchApp(loginTest.java:20)
at com.vtiger.tests.loginTest.launchApp(loginTest.java:20)
at com.vtiger.tests.loginTest.launchApp(loginTest.java:20)
at com.vtiger.tests.loginTest.launchApp(loginTest.java:20)
at com.vtiger.tests.loginTest.launchApp(loginTest.java:20)
at com.vtiger.tests.loginTest.launchApp(loginTest.java:20)
at com.vtiger.tests.loginTest.launchApp(loginTest.java:20)
at com.vtiger.tests.loginTest.launchApp(loginTest.java:20)
at com.vtiger.tests.loginTest.launchApp(loginTest.java:20)
at com.vtiger.tests.loginTest.launchApp(loginTest.java:20)
at com.vtiger.tests.loginTest.launchApp(loginTest.java:20)
at com.vtiger.tests.loginTest.launchApp(loginTest.java:20)
at com.vtiger.tests.loginTest.launchApp(loginTest.java:20)
at com.vtiger.tests.loginTest.launchApp(loginTest.java:20)
at com.vtiger.tests.loginTest.launchApp(loginTest.java:20)
at com.vtiger.tests.loginTest.launchApp(loginTest.java:20)
at com.vtiger.tests.loginTest.launchApp(loginTest.java:20)
at com.vtiger.tests.loginTest.launchApp(loginTest.java:20)
at com.vtiger.tests.loginTest.launchApp(loginTest.java:20)
at com.vtiger.tests.loginTest.launchApp(loginTest.java:20)
at com.vtiger.tests.loginTest.launchApp(loginTest.java:20)
at com.vtiger.tests.loginTest.launchApp(loginTest.java:20)
at com.vtiger.tests.loginTest.launchApp(loginTest.java:20)
at com.vtiger.tests.loginTest.launchApp(loginTest.java:20)
at com.vtiger.tests.loginTest.launchApp(loginTest.java:20)
at com.vtiger.tests.loginTest.launchApp(loginTest.java:20)
at com.vtiger.tests.loginTest.launchApp(loginTest.java:20)
at com.vtiger.tests.loginTest.launchApp(loginTest.java:20)
at com.vtiger.tests.loginTest.launchApp(loginTest.java:20)
at com.vtiger.tests.loginTest.launchApp(loginTest.java:20)
at com.vtiger.tests.loginTest.launchApp(loginTest.java:20)
at com.vtiger.tests.loginTest.launchApp(loginTest.java:20)
at com.vtiger.tests.loginTest.launchApp(loginTest.java:20)
at com.vtiger.tests.loginTest.launchApp(loginTest.java:20)
at com.vtiger.tests.loginTest.launchApp(loginTest.java:20)
at com.vtiger.tests.loginTest.launchApp(loginTest.java:20)
at com.vtiger.tests.loginTest.launchApp(loginTest.java:20)
at com.vtiger.tests.loginTest.launchApp(loginTest.java:20)
at com.vtiger.tests.loginTest.launchApp(loginTest.java:20)
at com.vtiger.tests.loginTest.launchApp(loginTest.java:20)
at com.vtiger.tests.loginTest.launchApp(loginTest.java:20)
at com.vtiger.tests.loginTest.launchApp(loginTest.java:20)
at com.vtiger.tests.loginTest.launchApp(loginTest.java:20)
at com.vtiger.tests.loginTest.launchApp(loginTest.java:20)
at com.vtiger.tests.loginTest.launchApp(loginTest.java:20)
at com.vtiger.tests.loginTest.launchApp(loginTest.java:20)
at com.vtiger.tests.loginTest.launchApp(loginTest.java:20)
at com.vtiger.tests.loginTest.launchApp(loginTest.java:20)
at com.vtiger.tests.loginTest.launchApp(loginTest.java:20)
at com.vtiger.tests.loginTest.launchApp(loginTest.java:20)
at com.vtiger.tests.loginTest.launchApp(loginTest.java:20)
at com.vtiger.tests.loginTest.launchApp(loginTest.java:20)
at com.vtiger.tests.loginTest.launchApp(loginTest.java:20)
at com.vtiger.tests.loginTest.launchApp(loginTest.java:20)
at com.vtiger.tests.loginTest.launchApp(loginTest.java:20)
at com.vtiger.tests.loginTest.launchApp(loginTest.java:20)
at com.vtiger.tests.loginTest.launchApp(loginTest.java:20)
at com.vtiger.tests.loginTest.launchApp(loginTest.java:20)
at com.vtiger.tests.loginTest.launchApp(loginTest.java:20)
at com.vtiger.tests.loginTest.launchApp(loginTest.java:20)
at com.vtiger.tests.loginTest.launchApp(loginTest.java:20)
at com.vtiger.tests.loginTest.launchApp(loginTest.java:20)
at com.vtiger.tests.loginTest.launchApp(loginTest.java:20)
at com.vtiger.tests.loginTest.launchApp(loginTest.java:20)
at com.vtiger.tests.loginTest.launchApp(loginTest.java:20)
at com.vtiger.tests.loginTest.launchApp(loginTest.java:20)
at com.vtiger.tests.loginTest.launchApp(loginTest.java:20)
at com.vtiger.tests.loginTest.launchApp(loginTest.java:20)
at com.vtiger.tests.loginTest.launchApp(loginTest.java:20)
at com.vtiger.tests.loginTest.launchApp(loginTest.java:20)
at com.vtiger.tests.loginTest.launchApp(loginTest.java:20)
at com.vtiger.tests.loginTest.launchApp(loginTest.java:20)
at com.vtiger.tests.loginTest.launchApp(loginTest.java:20)
at com.vtiger.tests.loginTest.launchApp(loginTest.java:20)
at com.vtiger.tests.loginTest.launchApp(loginTest.java:20)
at com.vtiger.tests.loginTest.launchApp(loginTest.java:20)
at com.vtiger.tests.loginTest.launchApp(loginTest.java:20)
at com.vtiger.tests.loginTest.launchApp(loginTest.java:20)
at com.vtiger.tests.loginTest.launchApp(loginTest.java:20)
at com.vtiger.tests.loginTest.launchApp(loginTest.java:20)
at com.vtiger.tests.loginTest.launchApp(loginTest.java:20)
at com.vtiger.tests.loginTest.launchApp(loginTest.java:20)
at com.vtiger.tests.loginTest.launchApp(loginTest.java:20)
at com.vtiger.tests.loginTest.launchApp(loginTest.java:20)
at com.vtiger.tests.loginTest.launchApp(loginTest.java:20)
at com.vtiger.tests.loginTest.launchApp(loginTest.java:20)
at com.vtiger.tests.loginTest.launchApp(loginTest.java:20)
at com.vtiger.tests.loginTest.launchApp(loginTest.java:20)
at com.vtiger.tests.loginTest.launchApp(loginTest.java:20)
at com.vtiger.tests.loginTest.launchApp(loginTest.java:20)
at com.vtiger.tests.loginTest.launchApp(loginTest.java:20)
at com.vtiger.tests.loginTest.launchApp(loginTest.java:20)
at com.vtiger.tests.loginTest.launchApp(loginTest.java:20)
at com.vtiger.tests.loginTest.launchApp(loginTest.java:20)
at com.vtiger.tests.loginTest.launchApp(loginTest.java:20)
at com.vtiger.tests.loginTest.launchApp(loginTest.java:20)
at com.vtiger.tests.loginTest.launchApp(loginTest.java:20)
at com.vtiger.tests.loginTest.launchApp(loginTest.java:20)
at com.vtiger.tests.loginTest.launchApp(loginTest.java:20)
at com.vtiger.tests.loginTest.launchApp(loginTest.java:20)
at com.vtiger.tests.loginTest.launchApp(loginTest.java:20)
at com.vtiger.tests.loginTest.launchApp(loginTest.java:20)
at com.vtiger.tests.loginTest.launchApp(loginTest.java:20)
at com.vtiger.tests.loginTest.launchApp(loginTest.java:20)
at com.vtiger.tests.loginTest.launchApp(loginTest.java:20)
at com.vtiger.tests.loginTest.launchApp(loginTest.java:20)
at com.vtiger.tests.loginTest.launchApp(loginTest.java:20)
at com.vtiger.tests.loginTest.launchApp(loginTest.java:20)
at com.vtiger.tests.loginTest.launchApp(loginTest.java:20)
at com.vtiger.tests.loginTest.launchApp(loginTest.java:20)
at com.vtiger.tests.loginTest.launchApp(loginTest.java:20)
at com.vtiger.tests.loginTest.launchApp(loginTest.java:20)
at com.vtiger.tests.loginTest.launchApp(loginTest.java:20)
at com.vtiger.tests.loginTest.launchApp(loginTest.java:20)
at com.vtiger.tests.loginTest.launchApp(loginTest.java:20)
at com.vtiger.tests.loginTest.launchApp(loginTest.java:20)
at com.vtiger.tests.loginTest.launchApp(loginTest.java:20)
at com.vtiger.tests.loginTest.launchApp(loginTest.java:20)
at com.vtiger.tests.loginTest.launchApp(loginTest.java:20)
at com.vtiger.tests.loginTest.launchApp(loginTest.java:20)
at com.vtiger.tests.loginTest.launchApp(loginTest.java:20)
at com.vtiger.tests.loginTest.launchApp(loginTest.java:20)
at com.vtiger.tests.loginTest.launchApp(loginTest.java:20)
at com.vtiger.tests.loginTest.launchApp(loginTest.java:20)
at com.vtiger.tests.loginTest.launchApp(loginTest.java:20)
at com.vtiger.tests.loginTest.launchApp(loginTest.java:20)
at com.vtiger.tests.loginTest.launchApp(loginTest.java:20)
at com.vtiger.tests.loginTest.launchApp(loginTest.java:20)
at com.vtiger.tests.loginTest.launchApp(loginTest.java:20)
at com.vtiger.tests.loginTest.launchApp(loginTest.java:20)
at com.vtiger.tests.loginTest.launchApp(loginTest.java:20)
at com.vtiger.tests.loginTest.launchApp(loginTest.java:20)
at com.vtiger.tests.loginTest.launchApp(loginTest.java:20)
at com.vtiger.tests.loginTest.launchApp(loginTest.java:20)
at com.vtiger.tests.loginTest.launchApp(loginTest.java:20)
at com.vtiger.tests.loginTest.launchApp(loginTest.java:20)
at com.vtiger.tests.loginTest.launchApp(loginTest.java:20)
at com.vtiger.tests.loginTest.launchApp(loginTest.java:20)
at com.vtiger.tests.loginTest.launchApp(loginTest.java:20)
at com.vtiger.tests.loginTest.launchApp(loginTest.java:20)
at com.vtiger.tests.loginTest.launchApp(loginTest.java:20)
at com.vtiger.tests.loginTest.launchApp(loginTest.java:20)
at com.vtiger.tests.loginTest.launchApp(loginTest.java:20)
at com.vtiger.tests.loginTest.launchApp(loginTest.java:20)
at com.vtiger.tests.loginTest.launchApp(loginTest.java:20)
at com.vtiger.tests.loginTest.launchApp(loginTest.java:20)
at com.vtiger.tests.loginTest.launchApp(loginTest.java:20)
at com.vtiger.tests.loginTest.launchApp(loginTest.java:20)
at com.vtiger.tests.loginTest.launchApp(loginTest.java:20)
at com.vtiger.tests.loginTest.launchApp(loginTest.java:20)
at com.vtiger.tests.loginTest.launchApp(loginTest.java:20)
at com.vtiger.tests.loginTest.launchApp(loginTest.java:20)
at com.vtiger.tests.loginTest.launchApp(loginTest.java:20)
at com.vtiger.tests.loginTest.launchApp(loginTest.java:20)
at com.vtiger.tests.loginTest.launchApp(loginTest.java:20)
at com.vtiger.tests.loginTest.launchApp(loginTest.java:20)
at com.vtiger.tests.loginTest.launchApp(loginTest.java:20)
at com.vtiger.tests.loginTest.launchApp(loginTest.java:20)
at com.vtiger.tests.loginTest.launchApp(loginTest.java:20)
at com.vtiger.tests.loginTest.launchApp(loginTest.java:20)
at com.vtiger.tests.loginTest.launchApp(loginTest.java:20)
at com.vtiger.tests.loginTest.launchApp(loginTest.java:20)
at com.vtiger.tests.loginTest.launchApp(loginTest.java:20)
at com.vtiger.tests.loginTest.launchApp(loginTest.java:20)
at com.vtiger.tests.loginTest.launchApp(loginTest.java:20)
at com.vtiger.tests.loginTest.launchApp(loginTest.java:20)
at com.vtiger.tests.loginTest.launchApp(loginTest.java:20)
at com.vtiger.tests.loginTest.launchApp(loginTest.java:20)
at com.vtiger.tests.loginTest.launchApp(loginTest.java:20)
at com.vtiger.tests.loginTest.launchApp(loginTest.java:20)
at com.vtiger.tests.loginTest.launchApp(loginTest.java:20)
at com.vtiger.tests.loginTest.launchApp(loginTest.java:20)
at com.vtiger.tests.loginTest.launchApp(loginTest.java:20)
at com.vtiger.tests.loginTest.launchApp(loginTest.java:20)
at com.vtiger.tests.loginTest.launchApp(loginTest.java:20)
at com.vtiger.tests.loginTest.launchApp(loginTest.java:20)
at com.vtiger.tests.loginTest.launchApp(loginTest.java:20)
at com.vtiger.tests.loginTest.launchApp(loginTest.java:20)
at com.vtiger.tests.loginTest.launchApp(loginTest.java:20)
at com.vtiger.tests.loginTest.launchApp(loginTest.java:20)
at com.vtiger.tests.loginTest.launchApp(loginTest.java:20)
at com.vtiger.tests.loginTest.launchApp(loginTest.java:20)
at com.vtiger.tests.loginTest.launchApp(loginTest.java:20)
at com.vtiger.tests.loginTest.launchApp(loginTest.java:20)
at com.vtiger.tests.loginTest.launchApp(loginTest.java:20)
at com.vtiger.tests.loginTest.launchApp(loginTest.java:20)
at com.vtiger.tests.loginTest.launchApp(loginTest.java:20)
at com.vtiger.tests.loginTest.launchApp(loginTest.java:20)
at com.vtiger.tests.loginTest.launchApp(loginTest.java:20)
at com.vtiger.tests.loginTest.launchApp(loginTest.java:20)
at com.vtiger.tests.loginTest.launchApp(loginTest.java:20)
at com.vtiger.tests.loginTest.launchApp(loginTest.java:20)
at com.vtiger.tests.loginTest.launchApp(loginTest.java:20)
at com.vtiger.tests.loginTest.launchApp(loginTest.java:20)
at com.vtiger.tests.loginTest.launchApp(loginTest.java:20)
at com.vtiger.tests.loginTest.launchApp(loginTest.java:20)
at com.vtiger.tests.loginTest.launchApp(loginTest.java:20)
at com.vtiger.tests.loginTest.launchApp(loginTest.java:20)
at com.vtiger.tests.loginTest.launchApp(loginTest.java:20)
at com.vtiger.tests.loginTest.launchApp(loginTest.java:20)
at com.vtiger.tests.loginTest.launchApp(loginTest.java:20)
at com.vtiger.tests.loginTest.launchApp(loginTest.java:20)
at com.vtiger.tests.loginTest.launchApp(loginTest.java:20)
at com.vtiger.tests.loginTest.launchApp(loginTest.java:20)
at com.vtiger.tests.loginTest.launchApp(loginTest.java:20)
at com.vtiger.tests.loginTest.launchApp(loginTest.java:20)
at com.vtiger.tests.loginTest.launchApp(loginTest.java:20)
at com.vtiger.tests.loginTest.launchApp(loginTest.java:20)
at com.vtiger.tests.loginTest.launchApp(loginTest.java:20)
at com.vtiger.tests.loginTest.launchApp(loginTest.java:20)
at com.vtiger.tests.loginTest.launchApp(loginTest.java:20)
at com.vtiger.tests.loginTest.launchApp(loginTest.java:20)
at com.vtiger.tests.loginTest.launchApp(loginTest.java:20)
at com.vtiger.tests.loginTest.launchApp(loginTest.java:20)
at com.vtiger.tests.loginTest.launchApp(loginTest.java:20)
at com.vtiger.tests.loginTest.launchApp(loginTest.java:20)
at com.vtiger.tests.loginTest.launchApp(loginTest.java:20)
at com.vtiger.tests.loginTest.launchApp(loginTest.java:20)
at com.vtiger.tests.loginTest.launchApp(loginTest.java:20)
at com.vtiger.tests.loginTest.launchApp(loginTest.java:20)
at com.vtiger.tests.loginTest.launchApp(loginTest.java:20)
at com.vtiger.tests.loginTest.launchApp(loginTest.java:20)
at com.vtiger.tests.loginTest.launchApp(loginTest.java:20)
at com.vtiger.tests.loginTest.launchApp(loginTest.java:20)
at com.vtiger.tests.loginTest.launchApp(loginTest.java:20)
at com.vtiger.tests.loginTest.launchApp(loginTest.java:20)
at com.vtiger.tests.loginTest.launchApp(loginTest.java:20)
at com.vtiger.tests.loginTest.launchApp(loginTest.java:20)
at com.vtiger.tests.loginTest.launchApp(loginTest.java:20)
at com.vtiger.tests.loginTest.launchApp(loginTest.java:20)
at com.vtiger.tests.loginTest.launchApp(loginTest.java:20)
at com.vtiger.tests.loginTest.launchApp(loginTest.java:20)
at com.vtiger.tests.loginTest.launchApp(loginTest.java:20)
at com.vtiger.tests.loginTest.launchApp(loginTest.java:20)
at com.vtiger.tests.loginTest.launchApp(loginTest.java:20)
at com.vtiger.tests.loginTest.launchApp(loginTest.java:20)
at com.vtiger.tests.loginTest.launchApp(loginTest.java:20)
at com.vtiger.tests.loginTest.launchApp(loginTest.java:20)
at com.vtiger.tests.loginTest.launchApp(loginTest.java:20)
at com.vtiger.tests.loginTest.launchApp(loginTest.java:20)
at com.vtiger.tests.loginTest.launchApp(loginTest.java:20)
at com.vtiger.tests.loginTest.launchApp(loginTest.java:20)
at com.vtiger.tests.loginTest.launchApp(loginTest.java:20)
at com.vtiger.tests.loginTest.launchApp(loginTest.java:20)
at com.vtiger.tests.loginTest.launchApp(loginTest.java:20)
at com.vtiger.tests.loginTest.launchApp(loginTest.java:20)
at com.vtiger.tests.loginTest.launchApp(loginTest.java:20)
at com.vtiger.tests.loginTest.launchApp(loginTest.java:20)
at com.vtiger.tests.loginTest.launchApp(loginTest.java:20)
at com.vtiger.tests.loginTest.launchApp(loginTest.java:20)
at com.vtiger.tests.loginTest.launchApp(loginTest.java:20)
at com.vtiger.tests.loginTest.launchApp(loginTest.java:20)
at com.vtiger.tests.loginTest.launchApp(loginTest.java:20)
at com.vtiger.tests.loginTest.launchApp(loginTest.java:20)
at com.vtiger.tests.loginTest.launchApp(loginTest.java:20)
at com.vtiger.tests.loginTest.launchApp(loginTest.java:20)
at com.vtiger.tests.loginTest.launchApp(loginTest.java:20)
at com.vtiger.tests.loginTest.launchApp(loginTest.java:20)
at com.vtiger.tests.loginTest.launchApp(loginTest.java:20)
at com.vtiger.tests.loginTest.launchApp(loginTest.java:20)
at com.vtiger.tests.loginTest.launchApp(loginTest.java:20)
at com.vtiger.tests.loginTest.launchApp(loginTest.java:20)
at com.vtiger.tests.loginTest.launchApp(loginTest.java:20)
at com.vtiger.tests.loginTest.launchApp(loginTest.java:20)
at com.vtiger.tests.loginTest.launchApp(loginTest.java:20)
at com.vtiger.tests.loginTest.launchApp(loginTest.java:20)
at com.vtiger.tests.loginTest.launchApp(loginTest.java:20)
at com.vtiger.tests.loginTest.launchApp(loginTest.java:20)
at com.vtiger.tests.loginTest.launchApp(loginTest.java:20)
at com.vtiger.tests.loginTest.launchApp(loginTest.java:20)
at com.vtiger.tests.loginTest.launchApp(loginTest.java:20)
at com.vtiger.tests.loginTest.launchApp(loginTest.java:20)
at com.vtiger.tests.loginTest.launchApp(loginTest.java:20)
at com.vtiger.tests.loginTest.launchApp(loginTest.java:20)
at com.vtiger.tests.loginTest.launchApp(loginTest.java:20)
at com.vtiger.tests.loginTest.launchApp(loginTest.java:20)
at com.vtiger.tests.loginTest.launchApp(loginTest.java:20)
at com.vtiger.tests.loginTest.launchApp(loginTest.java:20)
at com.vtiger.tests.loginTest.launchApp(loginTest.java:20)
at com.vtiger.tests.loginTest.launchApp(loginTest.java:20)
at com.vtiger.tests.loginTest.launchApp(loginTest.java:20)
at com.vtiger.tests.loginTest.launchApp(loginTest.java:20)
at com.vtiger.tests.loginTest.launchApp(loginTest.java:20)
at com.vtiger.tests.loginTest.launchApp(loginTest.java:20)
at com.vtiger.tests.loginTest.launchApp(loginTest.java:20)
at com.vtiger.tests.loginTest.launchApp(loginTest.java:20)
at com.vtiger.tests.loginTest.launchApp(loginTest.java:20)
at com.vtiger.tests.loginTest.launchApp(loginTest.java:20)
at com.vtiger.tests.loginTest.launchApp(loginTest.java:20)
at com.vtiger.tests.loginTest.launchApp(loginTest.java:20)
at com.vtiger.tests.loginTest.launchApp(loginTest.java:20)
at com.vtiger.tests.loginTest.launchApp(loginTest.java:20)
at com.vtiger.tests.loginTest.launchApp(loginTest.java:20)
at com.vtiger.tests.loginTest.launchApp(loginTest.java:20)
at com.vtiger.tests.loginTest.launchApp(loginTest.java:20)
at com.vtiger.tests.loginTest.launchApp(loginTest.java:20)
at com.vtiger.tests.loginTest.launchApp(loginTest.java:20)
at com.vtiger.tests.loginTest.launchApp(loginTest.java:20)
at com.vtiger.tests.loginTest.launchApp(loginTest.java:20)
at com.vtiger.tests.loginTest.launchApp(loginTest.java:20)
at com.vtiger.tests.loginTest.launchApp(loginTest.java:20)
at com.vtiger.tests.loginTest.launchApp(loginTest.java:20)
at com.vtiger.tests.loginTest.launchApp(loginTest.java:20)
at com.vtiger.tests.loginTest.launchApp(loginTest.java:20)
at com.vtiger.tests.loginTest.launchApp(loginTest.java:20)
at com.vtiger.tests.loginTest.launchApp(loginTest.java:20)
at com.vtiger.tests.loginTest.launchApp(loginTest.java:20)
at com.vtiger.tests.loginTest.launchApp(loginTest.java:20)
at com.vtiger.tests.loginTest.launchApp(loginTest.java:20)
at com.vtiger.tests.loginTest.launchApp(loginTest.java:20)
at com.vtiger.tests.loginTest.launchApp(loginTest.java:20)
at com.vtiger.tests.loginTest.launchApp(loginTest.java:20)
at com.vtiger.tests.loginTest.launchApp(loginTest.java:20)
at com.vtiger.tests.loginTest.launchApp(loginTest.java:20)
at com.vtiger.tests.loginTest.launchApp(loginTest.java:20)
at com.vtiger.tests.loginTest.launchApp(loginTest.java:20)
at com.vtiger.tests.loginTest.launchApp(loginTest.java:20)
at com.vtiger.tests.loginTest.launchApp(loginTest.java:20)
at com.vtiger.tests.loginTest.launchApp(loginTest.java:20)
at com.vtiger.tests.loginTest.launchApp(loginTest.java:20)
at com.vtiger.tests.loginTest.launchApp(loginTest.java:20)
at com.vtiger.tests.loginTest.launchApp(loginTest.java:20)
at com.vtiger.tests.loginTest.launchApp(loginTest.java:20)
at com.vtiger.tests.loginTest.launchApp(loginTest.java:20)
at com.vtiger.tests.loginTest.launchApp(loginTest.java:20)
at com.vtiger.tests.loginTest.launchApp(loginTest.java:20)
at com.vtiger.tests.loginTest.launchApp(loginTest.java:20)
at com.vtiger.tests.loginTest.launchApp(loginTest.java:20)
at com.vtiger.tests.loginTest.launchApp(loginTest.java:20)
at com.vtiger.tests.loginTest.launchApp(loginTest.java:20)
at com.vtiger.tests.loginTest.launchApp(loginTest.java:20)
at com.vtiger.tests.loginTest.launchApp(loginTest.java:20)
at com.vtiger.tests.loginTest.launchApp(loginTest.java:20)
at com.vtiger.tests.loginTest.launchApp(loginTest.java:20)
at com.vtiger.tests.loginTest.launchApp(loginTest.java:20)
at com.vtiger.tests.loginTest.launchApp(loginTest.java:20)
at com.vtiger.tests.loginTest.launchApp(loginTest.java:20)
at com.vtiger.tests.loginTest.launchApp(loginTest.java:20)
at com.vtiger.tests.loginTest.launchApp(loginTest.java:20)
at com.vtiger.tests.loginTest.launchApp(loginTest.java:20)
at com.vtiger.tests.loginTest.launchApp(loginTest.java:20)
at com.vtiger.tests.loginTest.launchApp(loginTest.java:20)
at com.vtiger.tests.loginTest.launchApp(loginTest.java:20)
at com.vtiger.tests.loginTest.launchApp(loginTest.java:20)
at com.vtiger.tests.loginTest.launchApp(loginTest.java:20)
at com.vtiger.tests.loginTest.launchApp(loginTest.java:20)
at com.vtiger.tests.loginTest.launchApp(loginTest.java:20)
at com.vtiger.tests.loginTest.launchApp(loginTest.java:20)
at com.vtiger.tests.loginTest.launchApp(loginTest.java:20)
at com.vtiger.tests.loginTest.launchApp(loginTest.java:20)
at com.vtiger.tests.loginTest.launchApp(loginTest.java:20)
at com.vtiger.tests.loginTest.launchApp(loginTest.java:20)
at com.vtiger.tests.loginTest.launchApp(loginTest.java:20)
at com.vtiger.tests.loginTest.launchApp(loginTest.java:20)
at com.vtiger.tests.loginTest.launchApp(loginTest.java:20)
at com.vtiger.tests.loginTest.launchApp(loginTest.java:20)
at com.vtiger.tests.loginTest.launchApp(loginTest.java:20)
at com.vtiger.tests.loginTest.launchApp(loginTest.java:20)
at com.vtiger.tests.loginTest.launchApp(loginTest.java:20)
at com.vtiger.tests.loginTest.launchApp(loginTest.java:20)
at com.vtiger.tests.loginTest.launchApp(loginTest.java:20)
at com.vtiger.tests.loginTest.launchApp(loginTest.java:20)
at com.vtiger.tests.loginTest.launchApp(loginTest.java:20)
at com.vtiger.tests.loginTest.launchApp(loginTest.java:20)
at com.vtiger.tests.loginTest.launchApp(loginTest.java:20)
at com.vtiger.tests.loginTest.launchApp(loginTest.java:20)
at com.vtiger.tests.loginTest.launchApp(loginTest.java:20)
at com.vtiger.tests.loginTest.launchApp(loginTest.java:20)
at com.vtiger.tests.loginTest.launchApp(loginTest.java:20)
at com.vtiger.tests.loginTest.launchApp(loginTest.java:20)
at com.vtiger.tests.loginTest.launchApp(loginTest.java:20)
at com.vtiger.tests.loginTest.launchApp(loginTest.java:20)
at com.vtiger.tests.loginTest.launchApp(loginTest.java:20)
at com.vtiger.tests.loginTest.launchApp(loginTest.java:20)
at com.vtiger.tests.loginTest.launchApp(loginTest.java:20)
at com.vtiger.tests.loginTest.launchApp(loginTest.java:20)
at com.vtiger.tests.loginTest.launchApp(loginTest.java:20)
at com.vtiger.tests.loginTest.launchApp(loginTest.java:20)
at com.vtiger.tests.loginTest.launchApp(loginTest.java:20)
at com.vtiger.tests.loginTest.launchApp(loginTest.java:20)
at com.vtiger.tests.loginTest.launchApp(loginTest.java:20)
at com.vtiger.tests.loginTest.launchApp(loginTest.java:20)
at com.vtiger.tests.loginTest.launchApp(loginTest.java:20)
at com.vtiger.tests.loginTest.launchApp(loginTest.java:20)
at com.vtiger.tests.loginTest.launchApp(loginTest.java:20)
at com.vtiger.tests.loginTest.launchApp(loginTest.java:20)
at com.vtiger.tests.loginTest.launchApp(loginTest.java:20)
at com.vtiger.tests.loginTest.launchApp(loginTest.java:20)
at com.vtiger.tests.loginTest.launchApp(loginTest.java:20)
at com.vtiger.tests.loginTest.launchApp(loginTest.java:20)
at com.vtiger.tests.loginTest.launchApp(loginTest.java:20)
at com.vtiger.tests.loginTest.launchApp(loginTest.java:20)
at com.vtiger.tests.loginTest.launchApp(loginTest.java:20)
at com.vtiger.tests.loginTest.launchApp(loginTest.java:20)
at com.vtiger.tests.loginTest.launchApp(loginTest.java:20)
at com.vtiger.tests.loginTest.launchApp(loginTest.java:20)
at com.vtiger.tests.loginTest.launchApp(loginTest.java:20)
at com.vtiger.tests.loginTest.launchApp(loginTest.java:20)
at com.vtiger.tests.loginTest.launchApp(loginTest.java:20)
at com.vtiger.tests.loginTest.launchApp(loginTest.java:20)
at com.vtiger.tests.loginTest.launchApp(loginTest.java:20)
at com.vtiger.tests.loginTest.launchApp(loginTest.java:20)
at com.vtiger.tests.loginTest.launchApp(loginTest.java:20)
at com.vtiger.tests.loginTest.launchApp(loginTest.java:20)
at com.vtiger.tests.loginTest.launchApp(loginTest.java:20)
at com.vtiger.tests.loginTest.launchApp(loginTest.java:20)
at com.vtiger.tests.loginTest.launchApp(loginTest.java:20)
at com.vtiger.tests.loginTest.launchApp(loginTest.java:20)
at com.vtiger.tests.loginTest.launchApp(loginTest.java:20)
at com.vtiger.tests.loginTest.launchApp(loginTest.java:20)
at com.vtiger.tests.loginTest.launchApp(loginTest.java:20)
at com.vtiger.tests.loginTest.launchApp(loginTest.java:20)
at com.vtiger.tests.loginTest.launchApp(loginTest.java:20)
at com.vtiger.tests.loginTest.launchApp(loginTest.java:20)
at com.vtiger.tests.loginTest.launchApp(loginTest.java:20)
at com.vtiger.tests.loginTest.launchApp(loginTest.java:20)
at com.vtiger.tests.loginTest.launchApp(loginTest.java:20)
at com.vtiger.tests.loginTest.launchApp(loginTest.java:20)
at com.vtiger.tests.loginTest.launchApp(loginTest.java:20)
at com.vtiger.tests.loginTest.launchApp(loginTest.java:20)
at com.vtiger.tests.loginTest.launchApp(loginTest.java:20)
at com.vtiger.tests.loginTest.launchApp(loginTest.java:20)
at com.vtiger.tests.loginTest.launchApp(loginTest.java:20)
at com.vtiger.tests.loginTest.launchApp(loginTest.java:20)
at com.vtiger.tests.loginTest.launchApp(loginTest.java:20)
at com.vtiger.tests.loginTest.launchApp(loginTest.java:20)
at com.vtiger.tests.loginTest.launchApp(loginTest.java:20)
at com.vtiger.tests.loginTest.launchApp(loginTest.java:20)
at com.vtiger.tests.loginTest.launchApp(loginTest.java:20)
at com.vtiger.tests.loginTest.launchApp(loginTest.java:20)
at com.vtiger.tests.loginTest.launchApp(loginTest.java:20)
at com.vtiger.tests.loginTest.launchApp(loginTest.java:20)
at com.vtiger.tests.loginTest.launchApp(loginTest.java:20)
at com.vtiger.tests.loginTest.launchApp(loginTest.java:20)
at com.vtiger.tests.loginTest.launchApp(loginTest.java:20)
at com.vtiger.tests.loginTest.launchApp(loginTest.java:20)
at com.vtiger.tests.loginTest.launchApp(loginTest.java:20)
at com.vtiger.tests.loginTest.launchApp(loginTest.java:20)
at com.vtiger.tests.loginTest.launchApp(loginTest.java:20)
at com.vtiger.tests.loginTest.launchApp(loginTest.java:20)
at com.vtiger.tests.loginTest.launchApp(loginTest.java:20)
at com.vtiger.tests.loginTest.launchApp(loginTest.java:20)
at com.vtiger.tests.loginTest.launchApp(loginTest.java:20)
at com.vtiger.tests.loginTest.launchApp(loginTest.java:20)
at com.vtiger.tests.loginTest.launchApp(loginTest.java:20)
at com.vtiger.tests.loginTest.launchApp(loginTest.java:20)
at com.vtiger.tests.loginTest.launchApp(loginTest.java:20)
at com.vtiger.tests.loginTest.launchApp(loginTest.java:20)
at com.vtiger.tests.loginTest.launchApp(loginTest.java:20)
at com.vtiger.tests.loginTest.launchApp(loginTest.java:20)
at com.vtiger.tests.loginTest.launchApp(loginTest.java:20)
at com.vtiger.tests.loginTest.launchApp(loginTest.java:20)
at com.vtiger.tests.loginTest.launchApp(loginTest.java:20)
at com.vtiger.tests.loginTest.launchApp(loginTest.java:20)
at com.vtiger.tests.loginTest.launchApp(loginTest.java:20)
at com.vtiger.tests.loginTest.launchApp(loginTest.java:20)
at com.vtiger.tests.loginTest.launchApp(loginTest.java:20)
at com.vtiger.tests.loginTest.launchApp(loginTest.java:20)
at com.vtiger.tests.loginTest.launchApp(loginTest.java:20)
at com.vtiger.tests.loginTest.launchApp(loginTest.java:20)
at com.vtiger.tests.loginTest.launchApp(loginTest.java:20)
at com.vtiger.tests.loginTest.launchApp(loginTest.java:20)
at com.vtiger.tests.loginTest.launchApp(loginTest.java:20)
at com.vtiger.tests.loginTest.launchApp(loginTest.java:20)
at com.vtiger.tests.loginTest.launchApp(loginTest.java:20)
at com.vtiger.tests.loginTest.launchApp(loginTest.java:20)
at com.vtiger.tests.loginTest.launchApp(loginTest.java:20)
at com.vtiger.tests.loginTest.launchApp(loginTest.java:20)
at com.vtiger.tests.loginTest.launchApp(loginTest.java:20)
at com.vtiger.tests.loginTest.launchApp(loginTest.java:20)
at com.vtiger.tests.loginTest.launchApp(loginTest.java:20)
at com.vtiger.tests.loginTest.launchApp(loginTest.java:20)
at com.vtiger.tests.loginTest.launchApp(loginTest.java:20)
at com.vtiger.tests.loginTest.launchApp(loginTest.java:20)
at com.vtiger.tests.loginTest.launchApp(loginTest.java:20)
at com.vtiger.tests.loginTest.launchApp(loginTest.java:20)
at com.vtiger.tests.loginTest.launchApp(loginTest.java:20)
at com.vtiger.tests.loginTest.launchApp(loginTest.java:20)
at com.vtiger.tests.loginTest.launchApp(loginTest.java:20)
at com.vtiger.tests.loginTest.launchApp(loginTest.java:20)
at com.vtiger.tests.loginTest.launchApp(loginTest.java:20)
at com.vtiger.tests.loginTest.launchApp(loginTest.java:20)
at com.vtiger.tests.loginTest.launchApp(loginTest.java:20)
at com.vtiger.tests.loginTest.launchApp(loginTest.java:20)
at com.vtiger.tests.loginTest.launchApp(loginTest.java:20)
at com.vtiger.tests.loginTest.launchApp(loginTest.java:20)
at com.vtiger.tests.loginTest.launchApp(loginTest.java:20)
at com.vtiger.tests.loginTest.launchApp(loginTest.java:20)
at com.vtiger.tests.loginTest.launchApp(loginTest.java:20)
at com.vtiger.tests.loginTest.launchApp(loginTest.java:20)
at com.vtiger.tests.loginTest.launchApp(loginTest.java:20)
at com.vtiger.tests.loginTest.launchApp(loginTest.java:20)
at com.vtiger.tests.loginTest.launchApp(loginTest.java:20)
at com.vtiger.tests.loginTest.launchApp(loginTest.java:20)
at com.vtiger.tests.loginTest.launchApp(loginTest.java:20)
at com.vtiger.tests.loginTest.launchApp(loginTest.java:20)
at com.vtiger.tests.loginTest.launchApp(loginTest.java:20)
at com.vtiger.tests.loginTest.launchApp(loginTest.java:20)
at com.vtiger.tests.loginTest.launchApp(loginTest.java:20)
at com.vtiger.tests.loginTest.launchApp(loginTest.java:20)
at com.vtiger.tests.loginTest.launchApp(loginTest.java:20)
at com.vtiger.tests.loginTest.launchApp(loginTest.java:20)
at com.vtiger.tests.loginTest.launchApp(loginTest.java:20)
at com.vtiger.tests.loginTest.launchApp(loginTest.java:20)
at com.vtiger.tests.loginTest.launchApp(loginTest.java:20)
at com.vtiger.tests.loginTest.launchApp(loginTest.java:20)
at com.vtiger.tests.loginTest.launchApp(loginTest.java:20)
at com.vtiger.tests.loginTest.launchApp(loginTest.java:20)
at com.vtiger.tests.loginTest.launchApp(loginTest.java:20)
at com.vtiger.tests.loginTest.launchApp(loginTest.java:20)
at com.vtiger.tests.loginTest.launchApp(loginTest.java:20)
at com.vtiger.tests.loginTest.launchApp(loginTest.java:20)
at com.vtiger.tests.loginTest.launchApp(loginTest.java:20)
at com.vtiger.tests.loginTest.launchApp(loginTest.java:20)
at com.vtiger.tests.loginTest.launchApp(loginTest.java:20)
at com.vtiger.tests.loginTest.launchApp(loginTest.java:20)
at com.vtiger.tests.loginTest.launchApp(loginTest.java:20)
at com.vtiger.tests.loginTest.launchApp(loginTest.java:20)
at com.vtiger.tests.loginTest.launchApp(loginTest.java:20)
at com.vtiger.tests.loginTest.launchApp(loginTest.java:20)
at com.vtiger.tests.loginTest.launchApp(loginTest.java:20)
at com.vtiger.tests.loginTest.launchApp(loginTest.java:20)
at com.vtiger.tests.loginTest.launchApp(loginTest.java:20)
at com.vtiger.tests.loginTest.launchApp(loginTest.java:20)
at com.vtiger.tests.loginTest.launchApp(loginTest.java:20)
at com.vtiger.tests.loginTest.launchApp(loginTest.java:20)
at com.vtiger.tests.loginTest.launchApp(loginTest.java:20)
at com.vtiger.tests.loginTest.launchApp(loginTest.java:20)
at com.vtiger.tests.loginTest.launchApp(loginTest.java:20)
at com.vtiger.tests.loginTest.launchApp(loginTest.java:20)
at com.vtiger.tests.loginTest.launchApp(loginTest.java:20)
at com.vtiger.tests.loginTest.launchApp(loginTest.java:20)
at com.vtiger.tests.loginTest.launchApp(loginTest.java:20)
at com.vtiger.tests.loginTest.launchApp(loginTest.java:20)
at com.vtiger.tests.loginTest.launchApp(loginTest.java:20)
at com.vtiger.tests.loginTest.launchApp(loginTest.java:20)
at com.vtiger.tests.loginTest.launchApp(loginTest.java:20)
at com.vtiger.tests.loginTest.launchApp(loginTest.java:20)
at com.vtiger.tests.loginTest.launchApp(loginTest.java:20)
at com.vtiger.tests.loginTest.launchApp(loginTest.java:20)
at com.vtiger.tests.loginTest.launchApp(loginTest.java:20)
at com.vtiger.tests.loginTest.launchApp(loginTest.java:20)
at com.vtiger.tests.loginTest.launchApp(loginTest.java:20)
at com.vtiger.tests.loginTest.launchApp(loginTest.java:20)
at com.vtiger.tests.loginTest.launchApp(loginTest.java:20)
at com.vtiger.tests.loginTest.launchApp(loginTest.java:20)
at com.vtiger.tests.loginTest.launchApp(loginTest.java:20)
at com.vtiger.tests.loginTest.launchApp(loginTest.java:20)
at com.vtiger.tests.loginTest.launchApp(loginTest.java:20)
at com.vtiger.tests.loginTest.launchApp(loginTest.java:20)
at com.vtiger.tests.loginTest.launchApp(loginTest.java:20)
at com.vtiger.tests.loginTest.launchApp(loginTest.java:20)
at com.vtiger.tests.loginTest.launchApp(loginTest.java:20)
at com.vtiger.tests.loginTest.launchApp(loginTest.java:20)
at com.vtiger.tests.loginTest.launchApp(loginTest.java:20)
at com.vtiger.tests.loginTest.launchApp(loginTest.java:20)
at com.vtiger.tests.loginTest.launchApp(loginTest.java:20)
at com.vtiger.tests.loginTest.launchApp(loginTest.java:20)
at com.vtiger.tests.loginTest.launchApp(loginTest.java:20)
at com.vtiger.tests.loginTest.launchApp(loginTest.java:20)
at com.vtiger.tests.loginTest.launchApp(loginTest.java:20)
at com.vtiger.tests.loginTest.launchApp(loginTest.java:20)
at com.vtiger.tests.loginTest.launchApp(loginTest.java:20)
at com.vtiger.tests.loginTest.launchApp(loginTest.java:20)
at com.vtiger.tests.loginTest.launchApp(loginTest.java:20)
at com.vtiger.tests.loginTest.launchApp(loginTest.java:20)
at com.vtiger.tests.loginTest.launchApp(loginTest.java:20)
at com.vtiger.tests.loginTest.launchApp(loginTest.java:20)
at com.vtiger.tests.loginTest.launchApp(loginTest.java:20)
at com.vtiger.tests.loginTest.launchApp(loginTest.java:20)
at com.vtiger.tests.loginTest.launchApp(loginTest.java:20)
at com.vtiger.tests.loginTest.launchApp(loginTest.java:20)
at com.vtiger.tests.loginTest.launchApp(loginTest.java:20)
at com.vtiger.tests.loginTest.launchApp(loginTest.java:20)
at com.vtiger.tests.loginTest.launchApp(loginTest.java:20)
at com.vtiger.tests.loginTest.launchApp(loginTest.java:20)
at com.vtiger.tests.loginTest.launchApp(loginTest.java:20)
at com.vtiger.tests.loginTest.launchApp(loginTest.java:20)
at com.vtiger.tests.loginTest.launchApp(loginTest.java:20)
at com.vtiger.tests.loginTest.launchApp(loginTest.java:20)
at com.vtiger.tests.loginTest.launchApp(loginTest.java:20)
at com.vtiger.tests.loginTest.launchApp(loginTest.java:20)
at com.vtiger.tests.loginTest.launchApp(loginTest.java:20)
at com.vtiger.tests.loginTest.launchApp(loginTest.java:20)
]]>
            </full-stacktrace>
          </exception> <!-- java.lang.StackOverflowError -->
          <reporter-output>
          </reporter-output>
        </test-method> <!-- launchApp -->
        <test-method status="SKIP" signature="Testcase1_verifyTitle()[pri:0, instance:com.vtiger.tests.loginTest@60285225]" name="Testcase1_verifyTitle" duration-ms="0" started-at="2019-11-02T04:57:42Z" finished-at="2019-11-02T04:57:42Z">
          <exception class="java.lang.StackOverflowError">
            <full-stacktrace>
              <![CDATA[java.lang.StackOverflowError
at java.io.WinNTFileSystem.normalizePrefix(WinNTFileSystem.java:186)
at java.io.WinNTFileSystem.normalize(WinNTFileSystem.java:111)
at java.io.WinNTFileSystem.normalize(WinNTFileSystem.java:93)
at java.io.File.<init>(File.java:279)
at java.io.FilePermission$1.run(FilePermission.java:215)
at java.io.FilePermission$1.run(FilePermission.java:203)
at java.security.AccessController.doPrivileged(Native Method)
at java.io.FilePermission.init(FilePermission.java:203)
at java.io.FilePermission.<init>(FilePermission.java:277)
at sun.net.www.protocol.file.FileURLConnection.getPermission(FileURLConnection.java:228)
at sun.net.www.protocol.jar.JarFileFactory.getPermission(JarFileFactory.java:166)
at sun.net.www.protocol.jar.JarFileFactory.getCachedJarFile(JarFileFactory.java:136)
at sun.net.www.protocol.jar.JarFileFactory.get(JarFileFactory.java:91)
at sun.net.www.protocol.jar.JarURLConnection.connect(JarURLConnection.java:122)
at sun.net.www.protocol.jar.JarURLConnection.getInputStream(JarURLConnection.java:152)
at java.net.URLClassLoader.getResourceAsStream(URLClassLoader.java:238)
at com.relevantcodes.extentreports.support.Resources.getText(Resources.java:19)
at com.relevantcodes.extentreports.ReportInstance.initialize(ReportInstance.java:152)
at com.relevantcodes.extentreports.ExtentReports.<init>(ExtentReports.java:45)
at com.relevantcodes.extentreports.ExtentReports.<init>(ExtentReports.java:109)
at com.vtiger.common.CommonFunction.setupResult(CommonFunction.java:25)
at com.vtiger.tests.baseTest.createtestReport(baseTest.java:36)
at com.vtiger.tests.loginTest.launchApp(loginTest.java:19)
at com.vtiger.tests.loginTest.launchApp(loginTest.java:20)
at com.vtiger.tests.loginTest.launchApp(loginTest.java:20)
at com.vtiger.tests.loginTest.launchApp(loginTest.java:20)
at com.vtiger.tests.loginTest.launchApp(loginTest.java:20)
at com.vtiger.tests.loginTest.launchApp(loginTest.java:20)
at com.vtiger.tests.loginTest.launchApp(loginTest.java:20)
at com.vtiger.tests.loginTest.launchApp(loginTest.java:20)
at com.vtiger.tests.loginTest.launchApp(loginTest.java:20)
at com.vtiger.tests.loginTest.launchApp(loginTest.java:20)
at com.vtiger.tests.loginTest.launchApp(loginTest.java:20)
at com.vtiger.tests.loginTest.launchApp(loginTest.java:20)
at com.vtiger.tests.loginTest.launchApp(loginTest.java:20)
at com.vtiger.tests.loginTest.launchApp(loginTest.java:20)
at com.vtiger.tests.loginTest.launchApp(loginTest.java:20)
at com.vtiger.tests.loginTest.launchApp(loginTest.java:20)
at com.vtiger.tests.loginTest.launchApp(loginTest.java:20)
at com.vtiger.tests.loginTest.launchApp(loginTest.java:20)
at com.vtiger.tests.loginTest.launchApp(loginTest.java:20)
at com.vtiger.tests.loginTest.launchApp(loginTest.java:20)
at com.vtiger.tests.loginTest.launchApp(loginTest.java:20)
at com.vtiger.tests.loginTest.launchApp(loginTest.java:20)
at com.vtiger.tests.loginTest.launchApp(loginTest.java:20)
at com.vtiger.tests.loginTest.launchApp(loginTest.java:20)
at com.vtiger.tests.loginTest.launchApp(loginTest.java:20)
at com.vtiger.tests.loginTest.launchApp(loginTest.java:20)
at com.vtiger.tests.loginTest.launchApp(loginTest.java:20)
at com.vtiger.tests.loginTest.launchApp(loginTest.java:20)
at com.vtiger.tests.loginTest.launchApp(loginTest.java:20)
at com.vtiger.tests.loginTest.launchApp(loginTest.java:20)
at com.vtiger.tests.loginTest.launchApp(loginTest.java:20)
at com.vtiger.tests.loginTest.launchApp(loginTest.java:20)
at com.vtiger.tests.loginTest.launchApp(loginTest.java:20)
at com.vtiger.tests.loginTest.launchApp(loginTest.java:20)
at com.vtiger.tests.loginTest.launchApp(loginTest.java:20)
at com.vtiger.tests.loginTest.launchApp(loginTest.java:20)
at com.vtiger.tests.loginTest.launchApp(loginTest.java:20)
at com.vtiger.tests.loginTest.launchApp(loginTest.java:20)
at com.vtiger.tests.loginTest.launchApp(loginTest.java:20)
at com.vtiger.tests.loginTest.launchApp(loginTest.java:20)
at com.vtiger.tests.loginTest.launchApp(loginTest.java:20)
at com.vtiger.tests.loginTest.launchApp(loginTest.java:20)
at com.vtiger.tests.loginTest.launchApp(loginTest.java:20)
at com.vtiger.tests.loginTest.launchApp(loginTest.java:20)
at com.vtiger.tests.loginTest.launchApp(loginTest.java:20)
at com.vtiger.tests.loginTest.launchApp(loginTest.java:20)
at com.vtiger.tests.loginTest.launchApp(loginTest.java:20)
at com.vtiger.tests.loginTest.launchApp(loginTest.java:20)
at com.vtiger.tests.loginTest.launchApp(loginTest.java:20)
at com.vtiger.tests.loginTest.launchApp(loginTest.java:20)
at com.vtiger.tests.loginTest.launchApp(loginTest.java:20)
at com.vtiger.tests.loginTest.launchApp(loginTest.java:20)
at com.vtiger.tests.loginTest.launchApp(loginTest.java:20)
at com.vtiger.tests.loginTest.launchApp(loginTest.java:20)
at com.vtiger.tests.loginTest.launchApp(loginTest.java:20)
at com.vtiger.tests.loginTest.launchApp(loginTest.java:20)
at com.vtiger.tests.loginTest.launchApp(loginTest.java:20)
at com.vtiger.tests.loginTest.launchApp(loginTest.java:20)
at com.vtiger.tests.loginTest.launchApp(loginTest.java:20)
at com.vtiger.tests.loginTest.launchApp(loginTest.java:20)
at com.vtiger.tests.loginTest.launchApp(loginTest.java:20)
at com.vtiger.tests.loginTest.launchApp(loginTest.java:20)
at com.vtiger.tests.loginTest.launchApp(loginTest.java:20)
at com.vtiger.tests.loginTest.launchApp(loginTest.java:20)
at com.vtiger.tests.loginTest.launchApp(loginTest.java:20)
at com.vtiger.tests.loginTest.launchApp(loginTest.java:20)
at com.vtiger.tests.loginTest.launchApp(loginTest.java:20)
at com.vtiger.tests.loginTest.launchApp(loginTest.java:20)
at com.vtiger.tests.loginTest.launchApp(loginTest.java:20)
at com.vtiger.tests.loginTest.launchApp(loginTest.java:20)
at com.vtiger.tests.loginTest.launchApp(loginTest.java:20)
at com.vtiger.tests.loginTest.launchApp(loginTest.java:20)
at com.vtiger.tests.loginTest.launchApp(loginTest.java:20)
at com.vtiger.tests.loginTest.launchApp(loginTest.java:20)
at com.vtiger.tests.loginTest.launchApp(loginTest.java:20)
at com.vtiger.tests.loginTest.launchApp(loginTest.java:20)
at com.vtiger.tests.loginTest.launchApp(loginTest.java:20)
at com.vtiger.tests.loginTest.launchApp(loginTest.java:20)
at com.vtiger.tests.loginTest.launchApp(loginTest.java:20)
at com.vtiger.tests.loginTest.launchApp(loginTest.java:20)
at com.vtiger.tests.loginTest.launchApp(loginTest.java:20)
at com.vtiger.tests.loginTest.launchApp(loginTest.java:20)
at com.vtiger.tests.loginTest.launchApp(loginTest.java:20)
at com.vtiger.tests.loginTest.launchApp(loginTest.java:20)
at com.vtiger.tests.loginTest.launchApp(loginTest.java:20)
at com.vtiger.tests.loginTest.launchApp(loginTest.java:20)
at com.vtiger.tests.loginTest.launchApp(loginTest.java:20)
at com.vtiger.tests.loginTest.launchApp(loginTest.java:20)
at com.vtiger.tests.loginTest.launchApp(loginTest.java:20)
at com.vtiger.tests.loginTest.launchApp(loginTest.java:20)
at com.vtiger.tests.loginTest.launchApp(loginTest.java:20)
at com.vtiger.tests.loginTest.launchApp(loginTest.java:20)
at com.vtiger.tests.loginTest.launchApp(loginTest.java:20)
at com.vtiger.tests.loginTest.launchApp(loginTest.java:20)
at com.vtiger.tests.loginTest.launchApp(loginTest.java:20)
at com.vtiger.tests.loginTest.launchApp(loginTest.java:20)
at com.vtiger.tests.loginTest.launchApp(loginTest.java:20)
at com.vtiger.tests.loginTest.launchApp(loginTest.java:20)
at com.vtiger.tests.loginTest.launchApp(loginTest.java:20)
at com.vtiger.tests.loginTest.launchApp(loginTest.java:20)
at com.vtiger.tests.loginTest.launchApp(loginTest.java:20)
at com.vtiger.tests.loginTest.launchApp(loginTest.java:20)
at com.vtiger.tests.loginTest.launchApp(loginTest.java:20)
at com.vtiger.tests.loginTest.launchApp(loginTest.java:20)
at com.vtiger.tests.loginTest.launchApp(loginTest.java:20)
at com.vtiger.tests.loginTest.launchApp(loginTest.java:20)
at com.vtiger.tests.loginTest.launchApp(loginTest.java:20)
at com.vtiger.tests.loginTest.launchApp(loginTest.java:20)
at com.vtiger.tests.loginTest.launchApp(loginTest.java:20)
at com.vtiger.tests.loginTest.launchApp(loginTest.java:20)
at com.vtiger.tests.loginTest.launchApp(loginTest.java:20)
at com.vtiger.tests.loginTest.launchApp(loginTest.java:20)
at com.vtiger.tests.loginTest.launchApp(loginTest.java:20)
at com.vtiger.tests.loginTest.launchApp(loginTest.java:20)
at com.vtiger.tests.loginTest.launchApp(loginTest.java:20)
at com.vtiger.tests.loginTest.launchApp(loginTest.java:20)
at com.vtiger.tests.loginTest.launchApp(loginTest.java:20)
at com.vtiger.tests.loginTest.launchApp(loginTest.java:20)
at com.vtiger.tests.loginTest.launchApp(loginTest.java:20)
at com.vtiger.tests.loginTest.launchApp(loginTest.java:20)
at com.vtiger.tests.loginTest.launchApp(loginTest.java:20)
at com.vtiger.tests.loginTest.launchApp(loginTest.java:20)
at com.vtiger.tests.loginTest.launchApp(loginTest.java:20)
at com.vtiger.tests.loginTest.launchApp(loginTest.java:20)
at com.vtiger.tests.loginTest.launchApp(loginTest.java:20)
at com.vtiger.tests.loginTest.launchApp(loginTest.java:20)
at com.vtiger.tests.loginTest.launchApp(loginTest.java:20)
at com.vtiger.tests.loginTest.launchApp(loginTest.java:20)
at com.vtiger.tests.loginTest.launchApp(loginTest.java:20)
at com.vtiger.tests.loginTest.launchApp(loginTest.java:20)
at com.vtiger.tests.loginTest.launchApp(loginTest.java:20)
at com.vtiger.tests.loginTest.launchApp(loginTest.java:20)
at com.vtiger.tests.loginTest.launchApp(loginTest.java:20)
at com.vtiger.tests.loginTest.launchApp(loginTest.java:20)
at com.vtiger.tests.loginTest.launchApp(loginTest.java:20)
at com.vtiger.tests.loginTest.launchApp(loginTest.java:20)
at com.vtiger.tests.loginTest.launchApp(loginTest.java:20)
at com.vtiger.tests.loginTest.launchApp(loginTest.java:20)
at com.vtiger.tests.loginTest.launchApp(loginTest.java:20)
at com.vtiger.tests.loginTest.launchApp(loginTest.java:20)
at com.vtiger.tests.loginTest.launchApp(loginTest.java:20)
at com.vtiger.tests.loginTest.launchApp(loginTest.java:20)
at com.vtiger.tests.loginTest.launchApp(loginTest.java:20)
at com.vtiger.tests.loginTest.launchApp(loginTest.java:20)
at com.vtiger.tests.loginTest.launchApp(loginTest.java:20)
at com.vtiger.tests.loginTest.launchApp(loginTest.java:20)
at com.vtiger.tests.loginTest.launchApp(loginTest.java:20)
at com.vtiger.tests.loginTest.launchApp(loginTest.java:20)
at com.vtiger.tests.loginTest.launchApp(loginTest.java:20)
at com.vtiger.tests.loginTest.launchApp(loginTest.java:20)
at com.vtiger.tests.loginTest.launchApp(loginTest.java:20)
at com.vtiger.tests.loginTest.launchApp(loginTest.java:20)
at com.vtiger.tests.loginTest.launchApp(loginTest.java:20)
at com.vtiger.tests.loginTest.launchApp(loginTest.java:20)
at com.vtiger.tests.loginTest.launchApp(loginTest.java:20)
at com.vtiger.tests.loginTest.launchApp(loginTest.java:20)
at com.vtiger.tests.loginTest.launchApp(loginTest.java:20)
at com.vtiger.tests.loginTest.launchApp(loginTest.java:20)
at com.vtiger.tests.loginTest.launchApp(loginTest.java:20)
at com.vtiger.tests.loginTest.launchApp(loginTest.java:20)
at com.vtiger.tests.loginTest.launchApp(loginTest.java:20)
at com.vtiger.tests.loginTest.launchApp(loginTest.java:20)
at com.vtiger.tests.loginTest.launchApp(loginTest.java:20)
at com.vtiger.tests.loginTest.launchApp(loginTest.java:20)
at com.vtiger.tests.loginTest.launchApp(loginTest.java:20)
at com.vtiger.tests.loginTest.launchApp(loginTest.java:20)
at com.vtiger.tests.loginTest.launchApp(loginTest.java:20)
at com.vtiger.tests.loginTest.launchApp(loginTest.java:20)
at com.vtiger.tests.loginTest.launchApp(loginTest.java:20)
at com.vtiger.tests.loginTest.launchApp(loginTest.java:20)
at com.vtiger.tests.loginTest.launchApp(loginTest.java:20)
at com.vtiger.tests.loginTest.launchApp(loginTest.java:20)
at com.vtiger.tests.loginTest.launchApp(loginTest.java:20)
at com.vtiger.tests.loginTest.launchApp(loginTest.java:20)
at com.vtiger.tests.loginTest.launchApp(loginTest.java:20)
at com.vtiger.tests.loginTest.launchApp(loginTest.java:20)
at com.vtiger.tests.loginTest.launchApp(loginTest.java:20)
at com.vtiger.tests.loginTest.launchApp(loginTest.java:20)
at com.vtiger.tests.loginTest.launchApp(loginTest.java:20)
at com.vtiger.tests.loginTest.launchApp(loginTest.java:20)
at com.vtiger.tests.loginTest.launchApp(loginTest.java:20)
at com.vtiger.tests.loginTest.launchApp(loginTest.java:20)
at com.vtiger.tests.loginTest.launchApp(loginTest.java:20)
at com.vtiger.tests.loginTest.launchApp(loginTest.java:20)
at com.vtiger.tests.loginTest.launchApp(loginTest.java:20)
at com.vtiger.tests.loginTest.launchApp(loginTest.java:20)
at com.vtiger.tests.loginTest.launchApp(loginTest.java:20)
at com.vtiger.tests.loginTest.launchApp(loginTest.java:20)
at com.vtiger.tests.loginTest.launchApp(loginTest.java:20)
at com.vtiger.tests.loginTest.launchApp(loginTest.java:20)
at com.vtiger.tests.loginTest.launchApp(loginTest.java:20)
at com.vtiger.tests.loginTest.launchApp(loginTest.java:20)
at com.vtiger.tests.loginTest.launchApp(loginTest.java:20)
at com.vtiger.tests.loginTest.launchApp(loginTest.java:20)
at com.vtiger.tests.loginTest.launchApp(loginTest.java:20)
at com.vtiger.tests.loginTest.launchApp(loginTest.java:20)
at com.vtiger.tests.loginTest.launchApp(loginTest.java:20)
at com.vtiger.tests.loginTest.launchApp(loginTest.java:20)
at com.vtiger.tests.loginTest.launchApp(loginTest.java:20)
at com.vtiger.tests.loginTest.launchApp(loginTest.java:20)
at com.vtiger.tests.loginTest.launchApp(loginTest.java:20)
at com.vtiger.tests.loginTest.launchApp(loginTest.java:20)
at com.vtiger.tests.loginTest.launchApp(loginTest.java:20)
at com.vtiger.tests.loginTest.launchApp(loginTest.java:20)
at com.vtiger.tests.loginTest.launchApp(loginTest.java:20)
at com.vtiger.tests.loginTest.launchApp(loginTest.java:20)
at com.vtiger.tests.loginTest.launchApp(loginTest.java:20)
at com.vtiger.tests.loginTest.launchApp(loginTest.java:20)
at com.vtiger.tests.loginTest.launchApp(loginTest.java:20)
at com.vtiger.tests.loginTest.launchApp(loginTest.java:20)
at com.vtiger.tests.loginTest.launchApp(loginTest.java:20)
at com.vtiger.tests.loginTest.launchApp(loginTest.java:20)
at com.vtiger.tests.loginTest.launchApp(loginTest.java:20)
at com.vtiger.tests.loginTest.launchApp(loginTest.java:20)
at com.vtiger.tests.loginTest.launchApp(loginTest.java:20)
at com.vtiger.tests.loginTest.launchApp(loginTest.java:20)
at com.vtiger.tests.loginTest.launchApp(loginTest.java:20)
at com.vtiger.tests.loginTest.launchApp(loginTest.java:20)
at com.vtiger.tests.loginTest.launchApp(loginTest.java:20)
at com.vtiger.tests.loginTest.launchApp(loginTest.java:20)
at com.vtiger.tests.loginTest.launchApp(loginTest.java:20)
at com.vtiger.tests.loginTest.launchApp(loginTest.java:20)
at com.vtiger.tests.loginTest.launchApp(loginTest.java:20)
at com.vtiger.tests.loginTest.launchApp(loginTest.java:20)
at com.vtiger.tests.loginTest.launchApp(loginTest.java:20)
at com.vtiger.tests.loginTest.launchApp(loginTest.java:20)
at com.vtiger.tests.loginTest.launchApp(loginTest.java:20)
at com.vtiger.tests.loginTest.launchApp(loginTest.java:20)
at com.vtiger.tests.loginTest.launchApp(loginTest.java:20)
at com.vtiger.tests.loginTest.launchApp(loginTest.java:20)
at com.vtiger.tests.loginTest.launchApp(loginTest.java:20)
at com.vtiger.tests.loginTest.launchApp(loginTest.java:20)
at com.vtiger.tests.loginTest.launchApp(loginTest.java:20)
at com.vtiger.tests.loginTest.launchApp(loginTest.java:20)
at com.vtiger.tests.loginTest.launchApp(loginTest.java:20)
at com.vtiger.tests.loginTest.launchApp(loginTest.java:20)
at com.vtiger.tests.loginTest.launchApp(loginTest.java:20)
at com.vtiger.tests.loginTest.launchApp(loginTest.java:20)
at com.vtiger.tests.loginTest.launchApp(loginTest.java:20)
at com.vtiger.tests.loginTest.launchApp(loginTest.java:20)
at com.vtiger.tests.loginTest.launchApp(loginTest.java:20)
at com.vtiger.tests.loginTest.launchApp(loginTest.java:20)
at com.vtiger.tests.loginTest.launchApp(loginTest.java:20)
at com.vtiger.tests.loginTest.launchApp(loginTest.java:20)
at com.vtiger.tests.loginTest.launchApp(loginTest.java:20)
at com.vtiger.tests.loginTest.launchApp(loginTest.java:20)
at com.vtiger.tests.loginTest.launchApp(loginTest.java:20)
at com.vtiger.tests.loginTest.launchApp(loginTest.java:20)
at com.vtiger.tests.loginTest.launchApp(loginTest.java:20)
at com.vtiger.tests.loginTest.launchApp(loginTest.java:20)
at com.vtiger.tests.loginTest.launchApp(loginTest.java:20)
at com.vtiger.tests.loginTest.launchApp(loginTest.java:20)
at com.vtiger.tests.loginTest.launchApp(loginTest.java:20)
at com.vtiger.tests.loginTest.launchApp(loginTest.java:20)
at com.vtiger.tests.loginTest.launchApp(loginTest.java:20)
[...]
at com.vtiger.tests.loginTest.launchApp(loginTest.java:20)
at com.vtiger.tests.loginTest.launchApp(loginTest.java:20)
at com.vtiger.tests.loginTest.launchApp(loginTest.java:20)
at com.vtiger.tests.loginTest.launchApp(loginTest.java:20)
at com.vtiger.tests.loginTest.launchApp(loginTest.java:20)
at com.vtiger.tests.loginTest.launchApp(loginTest.java:20)
at com.vtiger.tests.loginTest.launchApp(loginTest.java:20)
at com.vtiger.tests.loginTest.launchApp(loginTest.java:20)
at com.vtiger.tests.loginTest.launchApp(loginTest.java:20)
at com.vtiger.tests.loginTest.launchApp(loginTest.java:20)
at com.vtiger.tests.loginTest.launchApp(loginTest.java:20)
at com.vtiger.tests.loginTest.launchApp(loginTest.java:20)
at com.vtiger.tests.loginTest.launchApp(loginTest.java:20)
at com.vtiger.tests.loginTest.launchApp(loginTest.java:20)
at com.vtiger.tests.loginTest.launchApp(loginTest.java:20)
at com.vtiger.tests.loginTest.launchApp(loginTest.java:20)
at com.vtiger.tests.loginTest.launchApp(loginTest.java:20)
at com.vtiger.tests.loginTest.launchApp(loginTest.java:20)
at com.vtiger.tests.loginTest.launchApp(loginTest.java:20)
at com.vtiger.tests.loginTest.launchApp(loginTest.java:20)
at com.vtiger.tests.loginTest.launchApp(loginTest.java:20)
at com.vtiger.tests.loginTest.launchApp(loginTest.java:20)
at com.vtiger.tests.loginTest.launchApp(loginTest.java:20)
at com.vtiger.tests.loginTest.launchApp(loginTest.java:20)
at com.vtiger.tests.loginTest.launchApp(loginTest.java:20)
at com.vtiger.tests.loginTest.launchApp(loginTest.java:20)
at com.vtiger.tests.loginTest.launchApp(loginTest.java:20)
at com.vtiger.tests.loginTest.launchApp(loginTest.java:20)
at com.vtiger.tests.loginTest.launchApp(loginTest.java:20)
at com.vtiger.tests.loginTest.launchApp(loginTest.java:20)
at com.vtiger.tests.loginTest.launchApp(loginTest.java:20)
at com.vtiger.tests.loginTest.launchApp(loginTest.java:20)
at com.vtiger.tests.loginTest.launchApp(loginTest.java:20)
at com.vtiger.tests.loginTest.launchApp(loginTest.java:20)
at com.vtiger.tests.loginTest.launchApp(loginTest.java:20)
at com.vtiger.tests.loginTest.launchApp(loginTest.java:20)
at com.vtiger.tests.loginTest.launchApp(loginTest.java:20)
at com.vtiger.tests.loginTest.launchApp(loginTest.java:20)
at com.vtiger.tests.loginTest.launchApp(loginTest.java:20)
at com.vtiger.tests.loginTest.launchApp(loginTest.java:20)
at com.vtiger.tests.loginTest.launchApp(loginTest.java:20)
at com.vtiger.tests.loginTest.launchApp(loginTest.java:20)
at com.vtiger.tests.loginTest.launchApp(loginTest.java:20)
at com.vtiger.tests.loginTest.launchApp(loginTest.java:20)
at com.vtiger.tests.loginTest.launchApp(loginTest.java:20)
at com.vtiger.tests.loginTest.launchApp(loginTest.java:20)
at com.vtiger.tests.loginTest.launchApp(loginTest.java:20)
at com.vtiger.tests.loginTest.launchApp(loginTest.java:20)
at com.vtiger.tests.loginTest.launchApp(loginTest.java:20)
at com.vtiger.tests.loginTest.launchApp(loginTest.java:20)
at com.vtiger.tests.loginTest.launchApp(loginTest.java:20)
at com.vtiger.tests.loginTest.launchApp(loginTest.java:20)
at com.vtiger.tests.loginTest.launchApp(loginTest.java:20)
at com.vtiger.tests.loginTest.launchApp(loginTest.java:20)
at com.vtiger.tests.loginTest.launchApp(loginTest.java:20)
at com.vtiger.tests.loginTest.launchApp(loginTest.java:20)
at com.vtiger.tests.loginTest.launchApp(loginTest.java:20)
at com.vtiger.tests.loginTest.launchApp(loginTest.java:20)
at com.vtiger.tests.loginTest.launchApp(loginTest.java:20)
at com.vtiger.tests.loginTest.launchApp(loginTest.java:20)
at com.vtiger.tests.loginTest.launchApp(loginTest.java:20)
at com.vtiger.tests.loginTest.launchApp(loginTest.java:20)
at com.vtiger.tests.loginTest.launchApp(loginTest.java:20)
at com.vtiger.tests.loginTest.launchApp(loginTest.java:20)
at com.vtiger.tests.loginTest.launchApp(loginTest.java:20)
at com.vtiger.tests.loginTest.launchApp(loginTest.java:20)
at com.vtiger.tests.loginTest.launchApp(loginTest.java:20)
at com.vtiger.tests.loginTest.launchApp(loginTest.java:20)
at com.vtiger.tests.loginTest.launchApp(loginTest.java:20)
at com.vtiger.tests.loginTest.launchApp(loginTest.java:20)
at com.vtiger.tests.loginTest.launchApp(loginTest.java:20)
at com.vtiger.tests.loginTest.launchApp(loginTest.java:20)
at com.vtiger.tests.loginTest.launchApp(loginTest.java:20)
at com.vtiger.tests.loginTest.launchApp(loginTest.java:20)
at com.vtiger.tests.loginTest.launchApp(loginTest.java:20)
at com.vtiger.tests.loginTest.launchApp(loginTest.java:20)
at com.vtiger.tests.loginTest.launchApp(loginTest.java:20)
at com.vtiger.tests.loginTest.launchApp(loginTest.java:20)
at com.vtiger.tests.loginTest.launchApp(loginTest.java:20)
at com.vtiger.tests.loginTest.launchApp(loginTest.java:20)
at com.vtiger.tests.loginTest.launchApp(loginTest.java:20)
at com.vtiger.tests.loginTest.launchApp(loginTest.java:20)
at com.vtiger.tests.loginTest.launchApp(loginTest.java:20)
at com.vtiger.tests.loginTest.launchApp(loginTest.java:20)
at com.vtiger.tests.loginTest.launchApp(loginTest.java:20)
at com.vtiger.tests.loginTest.launchApp(loginTest.java:20)
at com.vtiger.tests.loginTest.launchApp(loginTest.java:20)
at com.vtiger.tests.loginTest.launchApp(loginTest.java:20)
at com.vtiger.tests.loginTest.launchApp(loginTest.java:20)
at com.vtiger.tests.loginTest.launchApp(loginTest.java:20)
at com.vtiger.tests.loginTest.launchApp(loginTest.java:20)
at com.vtiger.tests.loginTest.launchApp(loginTest.java:20)
at com.vtiger.tests.loginTest.launchApp(loginTest.java:20)
at com.vtiger.tests.loginTest.launchApp(loginTest.java:20)
at com.vtiger.tests.loginTest.launchApp(loginTest.java:20)
at com.vtiger.tests.loginTest.launchApp(loginTest.java:20)
at com.vtiger.tests.loginTest.launchApp(loginTest.java:20)
at com.vtiger.tests.loginTest.launchApp(loginTest.java:20)
at com.vtiger.tests.loginTest.launchApp(loginTest.java:20)
at com.vtiger.tests.loginTest.launchApp(loginTest.java:20)
at com.vtiger.tests.loginTest.launchApp(loginTest.java:20)
at com.vtiger.tests.loginTest.launchApp(loginTest.java:20)
at com.vtiger.tests.loginTest.launchApp(loginTest.java:20)
at com.vtiger.tests.loginTest.launchApp(loginTest.java:20)
at com.vtiger.tests.loginTest.launchApp(loginTest.java:20)
at com.vtiger.tests.loginTest.launchApp(loginTest.java:20)
at com.vtiger.tests.loginTest.launchApp(loginTest.java:20)
at com.vtiger.tests.loginTest.launchApp(loginTest.java:20)
at com.vtiger.tests.loginTest.launchApp(loginTest.java:20)
at com.vtiger.tests.loginTest.launchApp(loginTest.java:20)
at com.vtiger.tests.loginTest.launchApp(loginTest.java:20)
at com.vtiger.tests.loginTest.launchApp(loginTest.java:20)
at com.vtiger.tests.loginTest.launchApp(loginTest.java:20)
at com.vtiger.tests.loginTest.launchApp(loginTest.java:20)
at com.vtiger.tests.loginTest.launchApp(loginTest.java:20)
at com.vtiger.tests.loginTest.launchApp(loginTest.java:20)
at com.vtiger.tests.loginTest.launchApp(loginTest.java:20)
at com.vtiger.tests.loginTest.launchApp(loginTest.java:20)
at com.vtiger.tests.loginTest.launchApp(loginTest.java:20)
at com.vtiger.tests.loginTest.launchApp(loginTest.java:20)
at com.vtiger.tests.loginTest.launchApp(loginTest.java:20)
at com.vtiger.tests.loginTest.launchApp(loginTest.java:20)
at com.vtiger.tests.loginTest.launchApp(loginTest.java:20)
at com.vtiger.tests.loginTest.launchApp(loginTest.java:20)
at com.vtiger.tests.loginTest.launchApp(loginTest.java:20)
at com.vtiger.tests.loginTest.launchApp(loginTest.java:20)
at com.vtiger.tests.loginTest.launchApp(loginTest.java:20)
at com.vtiger.tests.loginTest.launchApp(loginTest.java:20)
at com.vtiger.tests.loginTest.launchApp(loginTest.java:20)
at com.vtiger.tests.loginTest.launchApp(loginTest.java:20)
at com.vtiger.tests.loginTest.launchApp(loginTest.java:20)
at com.vtiger.tests.loginTest.launchApp(loginTest.java:20)
at com.vtiger.tests.loginTest.launchApp(loginTest.java:20)
at com.vtiger.tests.loginTest.launchApp(loginTest.java:20)
at com.vtiger.tests.loginTest.launchApp(loginTest.java:20)
at com.vtiger.tests.loginTest.launchApp(loginTest.java:20)
at com.vtiger.tests.loginTest.launchApp(loginTest.java:20)
at com.vtiger.tests.loginTest.launchApp(loginTest.java:20)
at com.vtiger.tests.loginTest.launchApp(loginTest.java:20)
at com.vtiger.tests.loginTest.launchApp(loginTest.java:20)
at com.vtiger.tests.loginTest.launchApp(loginTest.java:20)
at com.vtiger.tests.loginTest.launchApp(loginTest.java:20)
at com.vtiger.tests.loginTest.launchApp(loginTest.java:20)
at com.vtiger.tests.loginTest.launchApp(loginTest.java:20)
at com.vtiger.tests.loginTest.launchApp(loginTest.java:20)
at com.vtiger.tests.loginTest.launchApp(loginTest.java:20)
at com.vtiger.tests.loginTest.launchApp(loginTest.java:20)
at com.vtiger.tests.loginTest.launchApp(loginTest.java:20)
at com.vtiger.tests.loginTest.launchApp(loginTest.java:20)
at com.vtiger.tests.loginTest.launchApp(loginTest.java:20)
at com.vtiger.tests.loginTest.launchApp(loginTest.java:20)
at com.vtiger.tests.loginTest.launchApp(loginTest.java:20)
at com.vtiger.tests.loginTest.launchApp(loginTest.java:20)
at com.vtiger.tests.loginTest.launchApp(loginTest.java:20)
at com.vtiger.tests.loginTest.launchApp(loginTest.java:20)
at com.vtiger.tests.loginTest.launchApp(loginTest.java:20)
at com.vtiger.tests.loginTest.launchApp(loginTest.java:20)
at com.vtiger.tests.loginTest.launchApp(loginTest.java:20)
at com.vtiger.tests.loginTest.launchApp(loginTest.java:20)
at com.vtiger.tests.loginTest.launchApp(loginTest.java:20)
at com.vtiger.tests.loginTest.launchApp(loginTest.java:20)
at com.vtiger.tests.loginTest.launchApp(loginTest.java:20)
at com.vtiger.tests.loginTest.launchApp(loginTest.java:20)
at com.vtiger.tests.loginTest.launchApp(loginTest.java:20)
at com.vtiger.tests.loginTest.launchApp(loginTest.java:20)
at com.vtiger.tests.loginTest.launchApp(loginTest.java:20)
at com.vtiger.tests.loginTest.launchApp(loginTest.java:20)
at com.vtiger.tests.loginTest.launchApp(loginTest.java:20)
at com.vtiger.tests.loginTest.launchApp(loginTest.java:20)
at com.vtiger.tests.loginTest.launchApp(loginTest.java:20)
at com.vtiger.tests.loginTest.launchApp(loginTest.java:20)
at com.vtiger.tests.loginTest.launchApp(loginTest.java:20)
at com.vtiger.tests.loginTest.launchApp(loginTest.java:20)
at com.vtiger.tests.loginTest.launchApp(loginTest.java:20)
at com.vtiger.tests.loginTest.launchApp(loginTest.java:20)
at com.vtiger.tests.loginTest.launchApp(loginTest.java:20)
at com.vtiger.tests.loginTest.launchApp(loginTest.java:20)
at com.vtiger.tests.loginTest.launchApp(loginTest.java:20)
at com.vtiger.tests.loginTest.launchApp(loginTest.java:20)
at com.vtiger.tests.loginTest.launchApp(loginTest.java:20)
at com.vtiger.tests.loginTest.launchApp(loginTest.java:20)
at com.vtiger.tests.loginTest.launchApp(loginTest.java:20)
at com.vtiger.tests.loginTest.launchApp(loginTest.java:20)
at com.vtiger.tests.loginTest.launchApp(loginTest.java:20)
at com.vtiger.tests.loginTest.launchApp(loginTest.java:20)
at com.vtiger.tests.loginTest.launchApp(loginTest.java:20)
at com.vtiger.tests.loginTest.launchApp(loginTest.java:20)
at com.vtiger.tests.loginTest.launchApp(loginTest.java:20)
at com.vtiger.tests.loginTest.launchApp(loginTest.java:20)
at com.vtiger.tests.loginTest.launchApp(loginTest.java:20)
at com.vtiger.tests.loginTest.launchApp(loginTest.java:20)
at com.vtiger.tests.loginTest.launchApp(loginTest.java:20)
at com.vtiger.tests.loginTest.launchApp(loginTest.java:20)
at com.vtiger.tests.loginTest.launchApp(loginTest.java:20)
at com.vtiger.tests.loginTest.launchApp(loginTest.java:20)
at com.vtiger.tests.loginTest.launchApp(loginTest.java:20)
at com.vtiger.tests.loginTest.launchApp(loginTest.java:20)
at com.vtiger.tests.loginTest.launchApp(loginTest.java:20)
at com.vtiger.tests.loginTest.launchApp(loginTest.java:20)
at com.vtiger.tests.loginTest.launchApp(loginTest.java:20)
at com.vtiger.tests.loginTest.launchApp(loginTest.java:20)
at com.vtiger.tests.loginTest.launchApp(loginTest.java:20)
at com.vtiger.tests.loginTest.launchApp(loginTest.java:20)
at com.vtiger.tests.loginTest.launchApp(loginTest.java:20)
at com.vtiger.tests.loginTest.launchApp(loginTest.java:20)
at com.vtiger.tests.loginTest.launchApp(loginTest.java:20)
at com.vtiger.tests.loginTest.launchApp(loginTest.java:20)
at com.vtiger.tests.loginTest.launchApp(loginTest.java:20)
at com.vtiger.tests.loginTest.launchApp(loginTest.java:20)
at com.vtiger.tests.loginTest.launchApp(loginTest.java:20)
at com.vtiger.tests.loginTest.launchApp(loginTest.java:20)
at com.vtiger.tests.loginTest.launchApp(loginTest.java:20)
at com.vtiger.tests.loginTest.launchApp(loginTest.java:20)
at com.vtiger.tests.loginTest.launchApp(loginTest.java:20)
at com.vtiger.tests.loginTest.launchApp(loginTest.java:20)
at com.vtiger.tests.loginTest.launchApp(loginTest.java:20)
at com.vtiger.tests.loginTest.launchApp(loginTest.java:20)
at com.vtiger.tests.loginTest.launchApp(loginTest.java:20)
at com.vtiger.tests.loginTest.launchApp(loginTest.java:20)
at com.vtiger.tests.loginTest.launchApp(loginTest.java:20)
at com.vtiger.tests.loginTest.launchApp(loginTest.java:20)
at com.vtiger.tests.loginTest.launchApp(loginTest.java:20)
at com.vtiger.tests.loginTest.launchApp(loginTest.java:20)
at com.vtiger.tests.loginTest.launchApp(loginTest.java:20)
at com.vtiger.tests.loginTest.launchApp(loginTest.java:20)
at com.vtiger.tests.loginTest.launchApp(loginTest.java:20)
at com.vtiger.tests.loginTest.launchApp(loginTest.java:20)
at com.vtiger.tests.loginTest.launchApp(loginTest.java:20)
at com.vtiger.tests.loginTest.launchApp(loginTest.java:20)
at com.vtiger.tests.loginTest.launchApp(loginTest.java:20)
at com.vtiger.tests.loginTest.launchApp(loginTest.java:20)
at com.vtiger.tests.loginTest.launchApp(loginTest.java:20)
at com.vtiger.tests.loginTest.launchApp(loginTest.java:20)
at com.vtiger.tests.loginTest.launchApp(loginTest.java:20)
at com.vtiger.tests.loginTest.launchApp(loginTest.java:20)
at com.vtiger.tests.loginTest.launchApp(loginTest.java:20)
at com.vtiger.tests.loginTest.launchApp(loginTest.java:20)
at com.vtiger.tests.loginTest.launchApp(loginTest.java:20)
at com.vtiger.tests.loginTest.launchApp(loginTest.java:20)
at com.vtiger.tests.loginTest.launchApp(loginTest.java:20)
at com.vtiger.tests.loginTest.launchApp(loginTest.java:20)
at com.vtiger.tests.loginTest.launchApp(loginTest.java:20)
at com.vtiger.tests.loginTest.launchApp(loginTest.java:20)
at com.vtiger.tests.loginTest.launchApp(loginTest.java:20)
at com.vtiger.tests.loginTest.launchApp(loginTest.java:20)
at com.vtiger.tests.loginTest.launchApp(loginTest.java:20)
at com.vtiger.tests.loginTest.launchApp(loginTest.java:20)
at com.vtiger.tests.loginTest.launchApp(loginTest.java:20)
at com.vtiger.tests.loginTest.launchApp(loginTest.java:20)
at com.vtiger.tests.loginTest.launchApp(loginTest.java:20)
at com.vtiger.tests.loginTest.launchApp(loginTest.java:20)
at com.vtiger.tests.loginTest.launchApp(loginTest.java:20)
at com.vtiger.tests.loginTest.launchApp(loginTest.java:20)
at com.vtiger.tests.loginTest.launchApp(loginTest.java:20)
at com.vtiger.tests.loginTest.launchApp(loginTest.java:20)
at com.vtiger.tests.loginTest.launchApp(loginTest.java:20)
at com.vtiger.tests.loginTest.launchApp(loginTest.java:20)
at com.vtiger.tests.loginTest.launchApp(loginTest.java:20)
at com.vtiger.tests.loginTest.launchApp(loginTest.java:20)
at com.vtiger.tests.loginTest.launchApp(loginTest.java:20)
at com.vtiger.tests.loginTest.launchApp(loginTest.java:20)
at com.vtiger.tests.loginTest.launchApp(loginTest.java:20)
at com.vtiger.tests.loginTest.launchApp(loginTest.java:20)
at com.vtiger.tests.loginTest.launchApp(loginTest.java:20)
at com.vtiger.tests.loginTest.launchApp(loginTest.java:20)
at com.vtiger.tests.loginTest.launchApp(loginTest.java:20)
at com.vtiger.tests.loginTest.launchApp(loginTest.java:20)
at com.vtiger.tests.loginTest.launchApp(loginTest.java:20)
at com.vtiger.tests.loginTest.launchApp(loginTest.java:20)
at com.vtiger.tests.loginTest.launchApp(loginTest.java:20)
at com.vtiger.tests.loginTest.launchApp(loginTest.java:20)
at com.vtiger.tests.loginTest.launchApp(loginTest.java:20)
at com.vtiger.tests.loginTest.launchApp(loginTest.java:20)
at com.vtiger.tests.loginTest.launchApp(loginTest.java:20)
at com.vtiger.tests.loginTest.launchApp(loginTest.java:20)
at com.vtiger.tests.loginTest.launchApp(loginTest.java:20)
at com.vtiger.tests.loginTest.launchApp(loginTest.java:20)
at com.vtiger.tests.loginTest.launchApp(loginTest.java:20)
at com.vtiger.tests.loginTest.launchApp(loginTest.java:20)
at com.vtiger.tests.loginTest.launchApp(loginTest.java:20)
at com.vtiger.tests.loginTest.launchApp(loginTest.java:20)
at com.vtiger.tests.loginTest.launchApp(loginTest.java:20)
at com.vtiger.tests.loginTest.launchApp(loginTest.java:20)
at com.vtiger.tests.loginTest.launchApp(loginTest.java:20)
at com.vtiger.tests.loginTest.launchApp(loginTest.java:20)
at com.vtiger.tests.loginTest.launchApp(loginTest.java:20)
at com.vtiger.tests.loginTest.launchApp(loginTest.java:20)
at com.vtiger.tests.loginTest.launchApp(loginTest.java:20)
at com.vtiger.tests.loginTest.launchApp(loginTest.java:20)
at com.vtiger.tests.loginTest.launchApp(loginTest.java:20)
at com.vtiger.tests.loginTest.launchApp(loginTest.java:20)
at com.vtiger.tests.loginTest.launchApp(loginTest.java:20)
at com.vtiger.tests.loginTest.launchApp(loginTest.java:20)
at com.vtiger.tests.loginTest.launchApp(loginTest.java:20)
at com.vtiger.tests.loginTest.launchApp(loginTest.java:20)
at com.vtiger.tests.loginTest.launchApp(loginTest.java:20)
at com.vtiger.tests.loginTest.launchApp(loginTest.java:20)
at com.vtiger.tests.loginTest.launchApp(loginTest.java:20)
at com.vtiger.tests.loginTest.launchApp(loginTest.java:20)
at com.vtiger.tests.loginTest.launchApp(loginTest.java:20)
at com.vtiger.tests.loginTest.launchApp(loginTest.java:20)
at com.vtiger.tests.loginTest.launchApp(loginTest.java:20)
at com.vtiger.tests.loginTest.launchApp(loginTest.java:20)
at com.vtiger.tests.loginTest.launchApp(loginTest.java:20)
at com.vtiger.tests.loginTest.launchApp(loginTest.java:20)
at com.vtiger.tests.loginTest.launchApp(loginTest.java:20)
at com.vtiger.tests.loginTest.launchApp(loginTest.java:20)
at com.vtiger.tests.loginTest.launchApp(loginTest.java:20)
at com.vtiger.tests.loginTest.launchApp(loginTest.java:20)
at com.vtiger.tests.loginTest.launchApp(loginTest.java:20)
at com.vtiger.tests.loginTest.launchApp(loginTest.java:20)
at com.vtiger.tests.loginTest.launchApp(loginTest.java:20)
at com.vtiger.tests.loginTest.launchApp(loginTest.java:20)
at com.vtiger.tests.loginTest.launchApp(loginTest.java:20)
at com.vtiger.tests.loginTest.launchApp(loginTest.java:20)
at com.vtiger.tests.loginTest.launchApp(loginTest.java:20)
at com.vtiger.tests.loginTest.launchApp(loginTest.java:20)
at com.vtiger.tests.loginTest.launchApp(loginTest.java:20)
at com.vtiger.tests.loginTest.launchApp(loginTest.java:20)
at com.vtiger.tests.loginTest.launchApp(loginTest.java:20)
at com.vtiger.tests.loginTest.launchApp(loginTest.java:20)
at com.vtiger.tests.loginTest.launchApp(loginTest.java:20)
]]>
            </full-stacktrace>
          </exception> <!-- java.lang.StackOverflowError -->
          <reporter-output>
          </reporter-output>
        </test-method> <!-- Testcase4_Login -->
        <test-method status="SKIP" signature="tierdown()[pri:0, instance:com.vtiger.tests.loginTest@60285225]" name="tierdown" is-config="true" duration-ms="0" started-at="2019-11-02T04:57:42Z" finished-at="2019-11-02T04:57:42Z">
          <reporter-output>
          </reporter-output>
        </test-method> <!-- tierdown -->
      </class> <!-- com.vtiger.tests.loginTest -->
    </test> <!-- Test -->
  </suite> <!-- Suite -->
</testng-results>
